[0.089s] colcon DEBUG Command line arguments: ['/opt/homebrew/Caskroom/miniforge/base/envs/ros2_humble/bin/colcon', 'build', '--packages-select', 'hello_ros2']
[0.089s] colcon DEBUG Parsed command line arguments: Namespace(log_base=None, log_level=None, verb_name='build', build_base='build', install_base='install', merge_install=False, symlink_install=False, test_result_base=None, continue_on_error=False, executor='parallel', parallel_workers=16, event_handlers=None, ignore_user_meta=False, metas=['./colcon.meta'], base_paths=['.'], packages_ignore=None, packages_ignore_regex=None, paths=None, packages_up_to=None, packages_up_to_regex=None, packages_above=None, packages_above_and_dependencies=None, packages_above_depth=None, packages_select_by_dep=None, packages_skip_by_dep=None, packages_skip_up_to=None, packages_select_build_failed=False, packages_skip_build_finished=False, packages_select_test_failures=False, packages_skip_test_passed=False, packages_select=['hello_ros2'], packages_skip=None, packages_select_regex=None, packages_skip_regex=None, packages_start=None, packages_end=None, cmake_args=None, cmake_target=None, cmake_target_skip_unavailable=False, cmake_clean_cache=False, cmake_clean_first=False, cmake_force_configure=False, ament_cmake_args=None, catkin_cmake_args=None, catkin_skip_building_tests=False, verb_parser=<colcon_defaults.argument_parser.defaults.DefaultArgumentsDecorator object at 0x105a24410>, verb_extension=<colcon_core.verb.build.BuildVerb object at 0x105a1bcd0>, main=<bound method BuildVerb.main of <colcon_core.verb.build.BuildVerb object at 0x105a1bcd0>>)
[0.107s] colcon.colcon_core.package_discovery Level 1 discover_packages(colcon_meta) check parameters
[0.107s] colcon.colcon_core.package_discovery Level 1 discover_packages(recursive) check parameters
[0.107s] colcon.colcon_core.package_discovery Level 1 discover_packages(ignore) check parameters
[0.107s] colcon.colcon_core.package_discovery Level 1 discover_packages(path) check parameters
[0.107s] colcon.colcon_core.package_discovery Level 1 discover_packages(colcon_meta) discover
[0.107s] colcon.colcon_core.package_discovery Level 1 discover_packages(recursive) discover
[0.107s] colcon.colcon_core.package_discovery INFO Crawling recursively for packages in '/Users/tjdwo0609/Documents/DockerRos/ros2_ws'
[0.107s] colcon.colcon_core.package_identification Level 1 _identify(.) by extensions ['ignore', 'ignore_ament_install']
[0.107s] colcon.colcon_core.package_identification Level 1 _identify(.) by extension 'ignore'
[0.108s] colcon.colcon_core.package_identification Level 1 _identify(.) by extension 'ignore_ament_install'
[0.108s] colcon.colcon_core.package_identification Level 1 _identify(.) by extensions ['colcon_pkg']
[0.108s] colcon.colcon_core.package_identification Level 1 _identify(.) by extension 'colcon_pkg'
[0.108s] colcon.colcon_core.package_identification Level 1 _identify(.) by extensions ['colcon_meta']
[0.108s] colcon.colcon_core.package_identification Level 1 _identify(.) by extension 'colcon_meta'
[0.108s] colcon.colcon_core.package_identification Level 1 _identify(.) by extensions ['ros']
[0.108s] colcon.colcon_core.package_identification Level 1 _identify(.) by extension 'ros'
[0.123s] colcon.colcon_core.package_identification Level 1 _identify(.) by extensions ['cmake', 'python']
[0.123s] colcon.colcon_core.package_identification Level 1 _identify(.) by extension 'cmake'
[0.123s] colcon.colcon_core.package_identification Level 1 _identify(.) by extension 'python'
[0.123s] colcon.colcon_core.package_identification Level 1 _identify(.) by extensions ['python_setup_py']
[0.123s] colcon.colcon_core.package_identification Level 1 _identify(.) by extension 'python_setup_py'
[0.123s] colcon.colcon_core.package_identification Level 1 _identify(build) by extensions ['ignore', 'ignore_ament_install']
[0.123s] colcon.colcon_core.package_identification Level 1 _identify(build) by extension 'ignore'
[0.123s] colcon.colcon_core.package_identification Level 1 _identify(build) ignored
[0.123s] colcon.colcon_core.package_identification Level 1 _identify(install) by extensions ['ignore', 'ignore_ament_install']
[0.123s] colcon.colcon_core.package_identification Level 1 _identify(install) by extension 'ignore'
[0.123s] colcon.colcon_core.package_identification Level 1 _identify(install) ignored
[0.124s] colcon.colcon_core.package_identification Level 1 _identify(log) by extensions ['ignore', 'ignore_ament_install']
[0.124s] colcon.colcon_core.package_identification Level 1 _identify(log) by extension 'ignore'
[0.124s] colcon.colcon_core.package_identification Level 1 _identify(log) ignored
[0.124s] colcon.colcon_core.package_identification Level 1 _identify(src) by extensions ['ignore', 'ignore_ament_install']
[0.124s] colcon.colcon_core.package_identification Level 1 _identify(src) by extension 'ignore'
[0.124s] colcon.colcon_core.package_identification Level 1 _identify(src) by extension 'ignore_ament_install'
[0.124s] colcon.colcon_core.package_identification Level 1 _identify(src) by extensions ['colcon_pkg']
[0.124s] colcon.colcon_core.package_identification Level 1 _identify(src) by extension 'colcon_pkg'
[0.124s] colcon.colcon_core.package_identification Level 1 _identify(src) by extensions ['colcon_meta']
[0.124s] colcon.colcon_core.package_identification Level 1 _identify(src) by extension 'colcon_meta'
[0.124s] colcon.colcon_core.package_identification Level 1 _identify(src) by extensions ['ros']
[0.124s] colcon.colcon_core.package_identification Level 1 _identify(src) by extension 'ros'
[0.124s] colcon.colcon_core.package_identification Level 1 _identify(src) by extensions ['cmake', 'python']
[0.124s] colcon.colcon_core.package_identification Level 1 _identify(src) by extension 'cmake'
[0.124s] colcon.colcon_core.package_identification Level 1 _identify(src) by extension 'python'
[0.124s] colcon.colcon_core.package_identification Level 1 _identify(src) by extensions ['python_setup_py']
[0.124s] colcon.colcon_core.package_identification Level 1 _identify(src) by extension 'python_setup_py'
[0.124s] colcon.colcon_core.package_identification Level 1 _identify(src/hello_ros2) by extensions ['ignore', 'ignore_ament_install']
[0.124s] colcon.colcon_core.package_identification Level 1 _identify(src/hello_ros2) by extension 'ignore'
[0.124s] colcon.colcon_core.package_identification Level 1 _identify(src/hello_ros2) by extension 'ignore_ament_install'
[0.124s] colcon.colcon_core.package_identification Level 1 _identify(src/hello_ros2) by extensions ['colcon_pkg']
[0.124s] colcon.colcon_core.package_identification Level 1 _identify(src/hello_ros2) by extension 'colcon_pkg'
[0.124s] colcon.colcon_core.package_identification Level 1 _identify(src/hello_ros2) by extensions ['colcon_meta']
[0.124s] colcon.colcon_core.package_identification Level 1 _identify(src/hello_ros2) by extension 'colcon_meta'
[0.124s] colcon.colcon_core.package_identification Level 1 _identify(src/hello_ros2) by extensions ['ros']
[0.124s] colcon.colcon_core.package_identification Level 1 _identify(src/hello_ros2) by extension 'ros'
[0.125s] colcon.colcon_core.package_identification DEBUG Package 'src/hello_ros2' with type 'ros.ament_python' and name 'hello_ros2'
[0.125s] colcon.colcon_core.package_discovery Level 1 discover_packages(recursive) using defaults
[0.125s] colcon.colcon_core.package_discovery Level 1 discover_packages(ignore) discover
[0.125s] colcon.colcon_core.package_discovery Level 1 discover_packages(ignore) using defaults
[0.125s] colcon.colcon_core.package_discovery Level 1 discover_packages(path) discover
[0.125s] colcon.colcon_core.package_discovery Level 1 discover_packages(path) using defaults
[0.132s] colcon.colcon_core.verb Level 5 set package 'hello_ros2' build argument 'cmake_args' from command line to 'None'
[0.132s] colcon.colcon_core.verb Level 5 set package 'hello_ros2' build argument 'cmake_target' from command line to 'None'
[0.132s] colcon.colcon_core.verb Level 5 set package 'hello_ros2' build argument 'cmake_target_skip_unavailable' from command line to 'False'
[0.132s] colcon.colcon_core.verb Level 5 set package 'hello_ros2' build argument 'cmake_clean_cache' from command line to 'False'
[0.132s] colcon.colcon_core.verb Level 5 set package 'hello_ros2' build argument 'cmake_clean_first' from command line to 'False'
[0.132s] colcon.colcon_core.verb Level 5 set package 'hello_ros2' build argument 'cmake_force_configure' from command line to 'False'
[0.132s] colcon.colcon_core.verb Level 5 set package 'hello_ros2' build argument 'ament_cmake_args' from command line to 'None'
[0.132s] colcon.colcon_core.verb Level 5 set package 'hello_ros2' build argument 'catkin_cmake_args' from command line to 'None'
[0.132s] colcon.colcon_core.verb Level 5 set package 'hello_ros2' build argument 'catkin_skip_building_tests' from command line to 'False'
[0.132s] colcon.colcon_core.verb DEBUG Building package 'hello_ros2' with the following arguments: {'ament_cmake_args': None, 'build_base': '/Users/tjdwo0609/Documents/DockerRos/ros2_ws/build/hello_ros2', 'catkin_cmake_args': None, 'catkin_skip_building_tests': False, 'cmake_args': None, 'cmake_clean_cache': False, 'cmake_clean_first': False, 'cmake_force_configure': False, 'cmake_target': None, 'cmake_target_skip_unavailable': False, 'install_base': '/Users/tjdwo0609/Documents/DockerRos/ros2_ws/install/hello_ros2', 'merge_install': False, 'path': '/Users/tjdwo0609/Documents/DockerRos/ros2_ws/src/hello_ros2', 'symlink_install': False, 'test_result_base': None}
[0.132s] colcon.colcon_core.executor INFO Executing jobs using 'parallel' executor
[0.132s] colcon.colcon_parallel_executor.executor.parallel DEBUG run_until_complete
[0.132s] colcon.colcon_ros.task.ament_python.build INFO Building ROS package in '/Users/tjdwo0609/Documents/DockerRos/ros2_ws/src/hello_ros2' with build type 'ament_python'
[0.132s] colcon.colcon_core.shell Level 1 create_environment_hook('hello_ros2', 'ament_prefix_path')
[0.133s] colcon.colcon_core.plugin_system INFO Skipping extension 'colcon_core.shell.bat': Not used on non-Windows systems
[0.133s] colcon.colcon_core.shell INFO Creating environment hook '/Users/tjdwo0609/Documents/DockerRos/ros2_ws/install/hello_ros2/share/hello_ros2/hook/ament_prefix_path.ps1'
[0.134s] colcon.colcon_core.shell INFO Creating environment descriptor '/Users/tjdwo0609/Documents/DockerRos/ros2_ws/install/hello_ros2/share/hello_ros2/hook/ament_prefix_path.dsv'
[0.134s] colcon.colcon_core.shell INFO Creating environment hook '/Users/tjdwo0609/Documents/DockerRos/ros2_ws/install/hello_ros2/share/hello_ros2/hook/ament_prefix_path.sh'
[0.134s] colcon.colcon_core.shell INFO Skip shell extension 'powershell' for command environment: Not usable outside of PowerShell
[0.134s] colcon.colcon_core.shell DEBUG Skip shell extension 'dsv' for command environment
[0.236s] colcon.colcon_core.task.python.build INFO Building Python package in '/Users/tjdwo0609/Documents/DockerRos/ros2_ws/src/hello_ros2'
[0.236s] colcon.colcon_core.shell INFO Skip shell extension 'powershell' for command environment: Not usable outside of PowerShell
[0.236s] colcon.colcon_core.shell DEBUG Skip shell extension 'dsv' for command environment
[0.413s] colcon.colcon_core.event_handler.log_command DEBUG Invoking command in '/Users/tjdwo0609/Documents/DockerRos/ros2_ws/src/hello_ros2': CONDA_PROMPT_MODIFIER=(ros2_humble) PYTHONPATH=/Users/tjdwo0609/Documents/DockerRos/ros2_ws/build/hello_ros2/prefix_override:/opt/homebrew/Caskroom/miniforge/base/envs/ros2_humble/lib/python3.11/site-packages/colcon_core/task/python/colcon_distutils_commands:/Users/tjdwo0609/Documents/DockerRos/ros2_ws/install/hello_ros2/lib/python3.11/site-packages:${PYTHONPATH} SHLVL=2 _=/usr/bin/env /opt/homebrew/Caskroom/miniforge/base/envs/ros2_humble/bin/python3.11 -W ignore:setup.py install is deprecated -W ignore:easy_install command is deprecated setup.py egg_info --egg-base ../../build/hello_ros2 build --build-base /Users/tjdwo0609/Documents/DockerRos/ros2_ws/build/hello_ros2/build install --record /Users/tjdwo0609/Documents/DockerRos/ros2_ws/build/hello_ros2/install.log --single-version-externally-managed install_data
[0.586s] colcon.colcon_core.event_handler.log_command DEBUG Invoked command in '/Users/tjdwo0609/Documents/DockerRos/ros2_ws/src/hello_ros2' returned '0': CONDA_PROMPT_MODIFIER=(ros2_humble) PYTHONPATH=/Users/tjdwo0609/Documents/DockerRos/ros2_ws/build/hello_ros2/prefix_override:/opt/homebrew/Caskroom/miniforge/base/envs/ros2_humble/lib/python3.11/site-packages/colcon_core/task/python/colcon_distutils_commands:/Users/tjdwo0609/Documents/DockerRos/ros2_ws/install/hello_ros2/lib/python3.11/site-packages:${PYTHONPATH} SHLVL=2 _=/usr/bin/env /opt/homebrew/Caskroom/miniforge/base/envs/ros2_humble/bin/python3.11 -W ignore:setup.py install is deprecated -W ignore:easy_install command is deprecated setup.py egg_info --egg-base ../../build/hello_ros2 build --build-base /Users/tjdwo0609/Documents/DockerRos/ros2_ws/build/hello_ros2/build install --record /Users/tjdwo0609/Documents/DockerRos/ros2_ws/build/hello_ros2/install.log --single-version-externally-managed install_data
[0.587s] colcon.colcon_core.environment Level 1 checking '/Users/tjdwo0609/Documents/DockerRos/ros2_ws/install/hello_ros2' for CMake module files
[0.587s] colcon.colcon_core.environment Level 1 checking '/Users/tjdwo0609/Documents/DockerRos/ros2_ws/install/hello_ros2' for CMake config files
[0.588s] colcon.colcon_core.environment Level 1 checking '/Users/tjdwo0609/Documents/DockerRos/ros2_ws/install/hello_ros2/lib'
[0.588s] colcon.colcon_core.environment Level 1 checking '/Users/tjdwo0609/Documents/DockerRos/ros2_ws/install/hello_ros2/bin'
[0.588s] colcon.colcon_core.environment Level 1 checking '/Users/tjdwo0609/Documents/DockerRos/ros2_ws/install/hello_ros2/lib/pkgconfig/hello_ros2.pc'
[0.588s] colcon.colcon_core.environment Level 1 checking '/Users/tjdwo0609/Documents/DockerRos/ros2_ws/install/hello_ros2/lib/python3.11/site-packages'
[0.588s] colcon.colcon_core.shell Level 1 create_environment_hook('hello_ros2', 'pythonpath')
[0.588s] colcon.colcon_core.shell INFO Creating environment hook '/Users/tjdwo0609/Documents/DockerRos/ros2_ws/install/hello_ros2/share/hello_ros2/hook/pythonpath.ps1'
[0.588s] colcon.colcon_core.shell INFO Creating environment descriptor '/Users/tjdwo0609/Documents/DockerRos/ros2_ws/install/hello_ros2/share/hello_ros2/hook/pythonpath.dsv'
[0.589s] colcon.colcon_core.shell INFO Creating environment hook '/Users/tjdwo0609/Documents/DockerRos/ros2_ws/install/hello_ros2/share/hello_ros2/hook/pythonpath.sh'
[0.589s] colcon.colcon_core.environment Level 1 checking '/Users/tjdwo0609/Documents/DockerRos/ros2_ws/install/hello_ros2/bin'
[0.589s] colcon.colcon_core.environment Level 1 create_environment_scripts_only(hello_ros2)
[0.589s] colcon.colcon_core.shell INFO Creating package script '/Users/tjdwo0609/Documents/DockerRos/ros2_ws/install/hello_ros2/share/hello_ros2/package.ps1'
[0.589s] colcon.colcon_core.shell INFO Creating package descriptor '/Users/tjdwo0609/Documents/DockerRos/ros2_ws/install/hello_ros2/share/hello_ros2/package.dsv'
[0.589s] colcon.colcon_core.shell INFO Creating package script '/Users/tjdwo0609/Documents/DockerRos/ros2_ws/install/hello_ros2/share/hello_ros2/package.sh'
[0.590s] colcon.colcon_core.shell INFO Creating package script '/Users/tjdwo0609/Documents/DockerRos/ros2_ws/install/hello_ros2/share/hello_ros2/package.bash'
[0.590s] colcon.colcon_core.shell INFO Creating package script '/Users/tjdwo0609/Documents/DockerRos/ros2_ws/install/hello_ros2/share/hello_ros2/package.zsh'
[0.590s] colcon.colcon_core.environment Level 1 create_file_with_runtime_dependencies(/Users/tjdwo0609/Documents/DockerRos/ros2_ws/install/hello_ros2/share/colcon-core/packages/hello_ros2)
[0.590s] colcon.colcon_parallel_executor.executor.parallel DEBUG closing loop
[0.591s] colcon.colcon_parallel_executor.executor.parallel DEBUG loop closed
[0.591s] colcon.colcon_parallel_executor.executor.parallel DEBUG run_until_complete finished with '0'
[0.591s] colcon.colcon_core.event_reactor DEBUG joining thread
[0.591s] colcon.colcon_core.event_reactor DEBUG joined thread
[0.591s] colcon.colcon_core.shell INFO Creating prefix script '/Users/tjdwo0609/Documents/DockerRos/ros2_ws/install/local_setup.ps1'
[0.591s] colcon.colcon_core.shell INFO Creating prefix util module '/Users/tjdwo0609/Documents/DockerRos/ros2_ws/install/_local_setup_util_ps1.py'
[0.592s] colcon.colcon_core.shell INFO Creating prefix chain script '/Users/tjdwo0609/Documents/DockerRos/ros2_ws/install/setup.ps1'
[0.592s] colcon.colcon_core.shell INFO Creating prefix script '/Users/tjdwo0609/Documents/DockerRos/ros2_ws/install/local_setup.sh'
[0.592s] colcon.colcon_core.shell INFO Creating prefix util module '/Users/tjdwo0609/Documents/DockerRos/ros2_ws/install/_local_setup_util_sh.py'
[0.593s] colcon.colcon_core.shell INFO Creating prefix chain script '/Users/tjdwo0609/Documents/DockerRos/ros2_ws/install/setup.sh'
[0.593s] colcon.colcon_core.shell INFO Creating prefix script '/Users/tjdwo0609/Documents/DockerRos/ros2_ws/install/local_setup.bash'
[0.593s] colcon.colcon_core.shell INFO Creating prefix chain script '/Users/tjdwo0609/Documents/DockerRos/ros2_ws/install/setup.bash'
[0.593s] colcon.colcon_core.shell INFO Creating prefix script '/Users/tjdwo0609/Documents/DockerRos/ros2_ws/install/local_setup.zsh'
[0.594s] colcon.colcon_core.shell INFO Creating prefix chain script '/Users/tjdwo0609/Documents/DockerRos/ros2_ws/install/setup.zsh'
