CMake Deprecation Warning at CMakeLists.txt:1 (cmake_minimum_required):
  Compatibility with CMake < 3.10 will be removed from a future version of
  CMake.

  Update the VERSION argument <min> value.  Or, use the <min>...<max> syntax
  to tell CMake that the project requires at least <min> but has been updated
  to work with policies introduced by <max> or earlier.


-- The C compiler identification is Clang 19.1.7
-- The CXX compiler identification is Clang 19.1.7
-- Detecting C compiler ABI info
-- Detecting C compiler ABI info - done
-- Check for working C compiler: /opt/homebrew/Caskroom/miniforge/base/envs/ros2_humble/bin/arm64-apple-darwin20.0.0-clang - skipped
-- Detecting C compile features
-- Detecting C compile features - done
-- Detecting CXX compiler ABI info
-- Detecting CXX compiler ABI info - done
-- Check for working CXX compiler: /opt/homebrew/Caskroom/miniforge/base/envs/ros2_humble/bin/arm64-apple-darwin20.0.0-clang++ - skipped
-- Detecting CXX compile features
-- Detecting CXX compile features - done
-- Found ament_cmake: 1.3.12 (/opt/homebrew/Caskroom/miniforge/base/envs/ros2_humble/share/ament_cmake/cmake)
-- Found Python3: /opt/homebrew/Caskroom/miniforge/base/envs/ros2_humble/bin/python3 (found version "3.11.14") found components: Interpreter
-- Configuring done (5.5s)
-- Generating done (0.0s)
-- Build files have been written to: /Users/tjdwo0609/Documents/DockerRos/ros2_ws/build/robot_viewer
-- Install configuration: ""
-- Installing: /Users/tjdwo0609/Documents/DockerRos/ros2_ws/install/robot_viewer/share/robot_viewer/launch
-- Installing: /Users/tjdwo0609/Documents/DockerRos/ros2_ws/install/robot_viewer/share/robot_viewer/launch/view.launch.py
-- Installing: /Users/tjdwo0609/Documents/DockerRos/ros2_ws/install/robot_viewer/share/ament_index/resource_index/package_run_dependencies/robot_viewer
-- Installing: /Users/tjdwo0609/Documents/DockerRos/ros2_ws/install/robot_viewer/share/ament_index/resource_index/parent_prefix_path/robot_viewer
-- Installing: /Users/tjdwo0609/Documents/DockerRos/ros2_ws/install/robot_viewer/share/robot_viewer/environment/ament_prefix_path.sh
-- Installing: /Users/tjdwo0609/Documents/DockerRos/ros2_ws/install/robot_viewer/share/robot_viewer/environment/ament_prefix_path.dsv
-- Installing: /Users/tjdwo0609/Documents/DockerRos/ros2_ws/install/robot_viewer/share/robot_viewer/environment/path.sh
-- Installing: /Users/tjdwo0609/Documents/DockerRos/ros2_ws/install/robot_viewer/share/robot_viewer/environment/path.dsv
-- Installing: /Users/tjdwo0609/Documents/DockerRos/ros2_ws/install/robot_viewer/share/robot_viewer/local_setup.bash
-- Installing: /Users/tjdwo0609/Documents/DockerRos/ros2_ws/install/robot_viewer/share/robot_viewer/local_setup.sh
-- Installing: /Users/tjdwo0609/Documents/DockerRos/ros2_ws/install/robot_viewer/share/robot_viewer/local_setup.zsh
-- Installing: /Users/tjdwo0609/Documents/DockerRos/ros2_ws/install/robot_viewer/share/robot_viewer/local_setup.dsv
-- Installing: /Users/tjdwo0609/Documents/DockerRos/ros2_ws/install/robot_viewer/share/robot_viewer/package.dsv
-- Installing: /Users/tjdwo0609/Documents/DockerRos/ros2_ws/install/robot_viewer/share/ament_index/resource_index/packages/robot_viewer
-- Installing: /Users/tjdwo0609/Documents/DockerRos/ros2_ws/install/robot_viewer/share/robot_viewer/cmake/robot_viewerConfig.cmake
-- Installing: /Users/tjdwo0609/Documents/DockerRos/ros2_ws/install/robot_viewer/share/robot_viewer/cmake/robot_viewerConfig-version.cmake
-- Installing: /Users/tjdwo0609/Documents/DockerRos/ros2_ws/install/robot_viewer/share/robot_viewer/package.xml
