[0.012s] Invoking command in '/Users/tjdwo0609/Documents/DockerRos/ros2_ws/build/robot_viewer': CONDA_PROMPT_MODIFIER=(ros2_humble) SHLVL=2 _=/usr/bin/env /opt/homebrew/bin/cmake /Users/tjdwo0609/Documents/DockerRos/ros2_ws/src/robot_viewer -DCMAKE_INSTALL_PREFIX=/Users/tjdwo0609/Documents/DockerRos/ros2_ws/install/robot_viewer
[0.653s] CMake Deprecation Warning at CMakeLists.txt:1 (cmake_minimum_required):
[0.653s]   Compatibility with CMake < 3.10 will be removed from a future version of
[0.653s]   CMake.
[0.653s] 
[0.653s]   Update the VERSION argument <min> value.  Or, use the <min>...<max> syntax
[0.653s]   to tell CMake that the project requires at least <min> but has been updated
[0.653s]   to work with policies introduced by <max> or earlier.
[0.653s] 
[0.653s] 
[5.240s] -- The C compiler identification is Clang 19.1.7
[5.375s] -- The CXX compiler identification is Clang 19.1.7
[5.400s] -- Detecting C compiler ABI info
[5.747s] -- Detecting C compiler ABI info - done
[5.752s] -- Check for working C compiler: /opt/homebrew/Caskroom/miniforge/base/envs/ros2_humble/bin/arm64-apple-darwin20.0.0-clang - skipped
[5.752s] -- Detecting C compile features
[5.753s] -- Detecting C compile features - done
[5.758s] -- Detecting CXX compiler ABI info
[5.865s] -- Detecting CXX compiler ABI info - done
[5.870s] -- Check for working CXX compiler: /opt/homebrew/Caskroom/miniforge/base/envs/ros2_humble/bin/arm64-apple-darwin20.0.0-clang++ - skipped
[5.870s] -- Detecting CXX compile features
[5.870s] -- Detecting CXX compile features - done
[5.886s] -- Found ament_cmake: 1.3.12 (/opt/homebrew/Caskroom/miniforge/base/envs/ros2_humble/share/ament_cmake/cmake)
[5.973s] -- Found Python3: /opt/homebrew/Caskroom/miniforge/base/envs/ros2_humble/bin/python3 (found version "3.11.14") found components: Interpreter
[6.192s] -- Configuring done (5.5s)
[6.200s] -- Generating done (0.0s)
[6.202s] -- Build files have been written to: /Users/tjdwo0609/Documents/DockerRos/ros2_ws/build/robot_viewer
[6.204s] Invoked command in '/Users/tjdwo0609/Documents/DockerRos/ros2_ws/build/robot_viewer' returned '0': CONDA_PROMPT_MODIFIER=(ros2_humble) SHLVL=2 _=/usr/bin/env /opt/homebrew/bin/cmake /Users/tjdwo0609/Documents/DockerRos/ros2_ws/src/robot_viewer -DCMAKE_INSTALL_PREFIX=/Users/tjdwo0609/Documents/DockerRos/ros2_ws/install/robot_viewer
[6.205s] Invoking command in '/Users/tjdwo0609/Documents/DockerRos/ros2_ws/build/robot_viewer': CONDA_PROMPT_MODIFIER=(ros2_humble) SHLVL=2 _=/usr/bin/env /opt/homebrew/bin/cmake --build /Users/tjdwo0609/Documents/DockerRos/ros2_ws/build/robot_viewer -- -j16 -l16
[6.226s] Invoked command in '/Users/tjdwo0609/Documents/DockerRos/ros2_ws/build/robot_viewer' returned '0': CONDA_PROMPT_MODIFIER=(ros2_humble) SHLVL=2 _=/usr/bin/env /opt/homebrew/bin/cmake --build /Users/tjdwo0609/Documents/DockerRos/ros2_ws/build/robot_viewer -- -j16 -l16
[6.235s] Invoking command in '/Users/tjdwo0609/Documents/DockerRos/ros2_ws/build/robot_viewer': CONDA_PROMPT_MODIFIER=(ros2_humble) SHLVL=2 _=/usr/bin/env /opt/homebrew/bin/cmake --install /Users/tjdwo0609/Documents/DockerRos/ros2_ws/build/robot_viewer
[6.239s] -- Install configuration: ""
[6.239s] -- Installing: /Users/tjdwo0609/Documents/DockerRos/ros2_ws/install/robot_viewer/share/robot_viewer/launch
[6.239s] -- Installing: /Users/tjdwo0609/Documents/DockerRos/ros2_ws/install/robot_viewer/share/robot_viewer/launch/view.launch.py
[6.239s] -- Installing: /Users/tjdwo0609/Documents/DockerRos/ros2_ws/install/robot_viewer/share/ament_index/resource_index/package_run_dependencies/robot_viewer
[6.240s] -- Installing: /Users/tjdwo0609/Documents/DockerRos/ros2_ws/install/robot_viewer/share/ament_index/resource_index/parent_prefix_path/robot_viewer
[6.240s] -- Installing: /Users/tjdwo0609/Documents/DockerRos/ros2_ws/install/robot_viewer/share/robot_viewer/environment/ament_prefix_path.sh
[6.240s] -- Installing: /Users/tjdwo0609/Documents/DockerRos/ros2_ws/install/robot_viewer/share/robot_viewer/environment/ament_prefix_path.dsv
[6.240s] -- Installing: /Users/tjdwo0609/Documents/DockerRos/ros2_ws/install/robot_viewer/share/robot_viewer/environment/path.sh
[6.240s] -- Installing: /Users/tjdwo0609/Documents/DockerRos/ros2_ws/install/robot_viewer/share/robot_viewer/environment/path.dsv
[6.241s] -- Installing: /Users/tjdwo0609/Documents/DockerRos/ros2_ws/install/robot_viewer/share/robot_viewer/local_setup.bash
[6.241s] -- Installing: /Users/tjdwo0609/Documents/DockerRos/ros2_ws/install/robot_viewer/share/robot_viewer/local_setup.sh
[6.241s] -- Installing: /Users/tjdwo0609/Documents/DockerRos/ros2_ws/install/robot_viewer/share/robot_viewer/local_setup.zsh
[6.241s] -- Installing: /Users/tjdwo0609/Documents/DockerRos/ros2_ws/install/robot_viewer/share/robot_viewer/local_setup.dsv
[6.242s] -- Installing: /Users/tjdwo0609/Documents/DockerRos/ros2_ws/install/robot_viewer/share/robot_viewer/package.dsv
[6.242s] -- Installing: /Users/tjdwo0609/Documents/DockerRos/ros2_ws/install/robot_viewer/share/ament_index/resource_index/packages/robot_viewer
[6.242s] -- Installing: /Users/tjdwo0609/Documents/DockerRos/ros2_ws/install/robot_viewer/share/robot_viewer/cmake/robot_viewerConfig.cmake
[6.243s] -- Installing: /Users/tjdwo0609/Documents/DockerRos/ros2_ws/install/robot_viewer/share/robot_viewer/cmake/robot_viewerConfig-version.cmake
[6.243s] -- Installing: /Users/tjdwo0609/Documents/DockerRos/ros2_ws/install/robot_viewer/share/robot_viewer/package.xml
[6.244s] Invoked command in '/Users/tjdwo0609/Documents/DockerRos/ros2_ws/build/robot_viewer' returned '0': CONDA_PROMPT_MODIFIER=(ros2_humble) SHLVL=2 _=/usr/bin/env /opt/homebrew/bin/cmake --install /Users/tjdwo0609/Documents/DockerRos/ros2_ws/build/robot_viewer
