[0.012s] Invoking command in '/Users/tjdwo0609/Documents/DockerRos/ros2_ws/build/indy_description': CONDA_PROMPT_MODIFIER=(ros2_humble) SHLVL=2 _=/usr/bin/env /opt/homebrew/bin/cmake /Users/tjdwo0609/Documents/DockerRos/ros2_ws/src/indy-ros2/indy_description -DCMAKE_INSTALL_PREFIX=/Users/tjdwo0609/Documents/DockerRos/ros2_ws/install/indy_description
[0.020s] CMake Deprecation Warning at CMakeLists.txt:1 (cmake_minimum_required):
[0.020s]   Compatibility with CMake < 3.10 will be removed from a future version of
[0.020s]   CMake.
[0.020s] 
[0.020s]   Update the VERSION argument <min> value.  Or, use the <min>...<max> syntax
[0.020s]   to tell CMake that the project requires at least <min> but has been updated
[0.020s]   to work with policies introduced by <max> or earlier.
[0.020s] 
[0.020s] 
[0.131s] -- The C compiler identification is Clang 19.1.7
[0.257s] -- The CXX compiler identification is Clang 19.1.7
[0.277s] -- Detecting C compiler ABI info
[0.389s] -- Detecting C compiler ABI info - done
[0.394s] -- Check for working C compiler: /opt/homebrew/Caskroom/miniforge/base/envs/ros2_humble/bin/arm64-apple-darwin20.0.0-clang - skipped
[0.394s] -- Detecting C compile features
[0.394s] -- Detecting C compile features - done
[0.398s] -- Detecting CXX compiler ABI info
[0.505s] -- Detecting CXX compiler ABI info - done
[0.510s] -- Check for working CXX compiler: /opt/homebrew/Caskroom/miniforge/base/envs/ros2_humble/bin/arm64-apple-darwin20.0.0-clang++ - skipped
[0.511s] -- Detecting CXX compile features
[0.511s] -- Detecting CXX compile features - done
[0.534s] -- Found ament_cmake: 1.3.12 (/opt/homebrew/Caskroom/miniforge/base/envs/ros2_humble/share/ament_cmake/cmake)
[0.622s] -- Found Python3: /opt/homebrew/Caskroom/miniforge/base/envs/ros2_humble/bin/python3 (found version "3.11.14") found components: Interpreter
[0.791s] -- Found ament_lint_auto: 0.12.12 (/opt/homebrew/Caskroom/miniforge/base/envs/ros2_humble/share/ament_lint_auto/cmake)
[0.840s] -- Configuring done (0.8s)
[0.849s] -- Generating done (0.0s)
[0.851s] -- Build files have been written to: /Users/tjdwo0609/Documents/DockerRos/ros2_ws/build/indy_description
[0.852s] Invoked command in '/Users/tjdwo0609/Documents/DockerRos/ros2_ws/build/indy_description' returned '0': CONDA_PROMPT_MODIFIER=(ros2_humble) SHLVL=2 _=/usr/bin/env /opt/homebrew/bin/cmake /Users/tjdwo0609/Documents/DockerRos/ros2_ws/src/indy-ros2/indy_description -DCMAKE_INSTALL_PREFIX=/Users/tjdwo0609/Documents/DockerRos/ros2_ws/install/indy_description
[0.854s] Invoking command in '/Users/tjdwo0609/Documents/DockerRos/ros2_ws/build/indy_description': CONDA_PROMPT_MODIFIER=(ros2_humble) SHLVL=2 _=/usr/bin/env /opt/homebrew/bin/cmake --build /Users/tjdwo0609/Documents/DockerRos/ros2_ws/build/indy_description -- -j16 -l16
[0.876s] Invoked command in '/Users/tjdwo0609/Documents/DockerRos/ros2_ws/build/indy_description' returned '0': CONDA_PROMPT_MODIFIER=(ros2_humble) SHLVL=2 _=/usr/bin/env /opt/homebrew/bin/cmake --build /Users/tjdwo0609/Documents/DockerRos/ros2_ws/build/indy_description -- -j16 -l16
[0.886s] Invoking command in '/Users/tjdwo0609/Documents/DockerRos/ros2_ws/build/indy_description': CONDA_PROMPT_MODIFIER=(ros2_humble) SHLVL=2 _=/usr/bin/env /opt/homebrew/bin/cmake --install /Users/tjdwo0609/Documents/DockerRos/ros2_ws/build/indy_description
[0.889s] -- Install configuration: ""
[0.889s] -- Installing: /Users/tjdwo0609/Documents/DockerRos/ros2_ws/install/indy_description/share/indy_description//launch
[0.890s] -- Installing: /Users/tjdwo0609/Documents/DockerRos/ros2_ws/install/indy_description/share/indy_description//launch/indy_display.launch.py
[0.890s] -- Installing: /Users/tjdwo0609/Documents/DockerRos/ros2_ws/install/indy_description/share/indy_description//meshes
[0.890s] -- Installing: /Users/tjdwo0609/Documents/DockerRos/ros2_ws/install/indy_description/share/indy_description//meshes/nuri7c
[0.890s] -- Installing: /Users/tjdwo0609/Documents/DockerRos/ros2_ws/install/indy_description/share/indy_description//meshes/nuri7c/visual
[0.890s] -- Installing: /Users/tjdwo0609/Documents/DockerRos/ros2_ws/install/indy_description/share/indy_description//meshes/nuri7c/visual/Nuri7c_0.stl
[0.890s] -- Installing: /Users/tjdwo0609/Documents/DockerRos/ros2_ws/install/indy_description/share/indy_description//meshes/nuri7c/visual/Nuri7c_1.stl
[0.890s] -- Installing: /Users/tjdwo0609/Documents/DockerRos/ros2_ws/install/indy_description/share/indy_description//meshes/nuri7c/visual/Nuri7c_3.stl
[0.891s] -- Installing: /Users/tjdwo0609/Documents/DockerRos/ros2_ws/install/indy_description/share/indy_description//meshes/nuri7c/visual/Nuri7c_2.stl
[0.891s] -- Installing: /Users/tjdwo0609/Documents/DockerRos/ros2_ws/install/indy_description/share/indy_description//meshes/nuri7c/visual/Nuri7c_6.stl
[0.891s] -- Installing: /Users/tjdwo0609/Documents/DockerRos/ros2_ws/install/indy_description/share/indy_description//meshes/nuri7c/visual/Nuri7c_5.stl
[0.891s] -- Installing: /Users/tjdwo0609/Documents/DockerRos/ros2_ws/install/indy_description/share/indy_description//meshes/nuri7c/visual/Nuri7c_4.stl
[0.891s] -- Installing: /Users/tjdwo0609/Documents/DockerRos/ros2_ws/install/indy_description/share/indy_description//meshes/nuri7c/collision
[0.891s] -- Installing: /Users/tjdwo0609/Documents/DockerRos/ros2_ws/install/indy_description/share/indy_description//meshes/nuri7c/collision/Nuri7c_0.stl
[0.891s] -- Installing: /Users/tjdwo0609/Documents/DockerRos/ros2_ws/install/indy_description/share/indy_description//meshes/nuri7c/collision/Nuri7c_1.stl
[0.892s] -- Installing: /Users/tjdwo0609/Documents/DockerRos/ros2_ws/install/indy_description/share/indy_description//meshes/nuri7c/collision/Nuri7c_3.stl
[0.892s] -- Installing: /Users/tjdwo0609/Documents/DockerRos/ros2_ws/install/indy_description/share/indy_description//meshes/nuri7c/collision/Nuri7c_2.stl
[0.892s] -- Installing: /Users/tjdwo0609/Documents/DockerRos/ros2_ws/install/indy_description/share/indy_description//meshes/nuri7c/collision/Nuri7c_6.stl
[0.892s] -- Installing: /Users/tjdwo0609/Documents/DockerRos/ros2_ws/install/indy_description/share/indy_description//meshes/nuri7c/collision/Nuri7c_5.stl
[0.893s] -- Installing: /Users/tjdwo0609/Documents/DockerRos/ros2_ws/install/indy_description/share/indy_description//meshes/nuri7c/collision/Nuri7c_4.stl
[0.893s] -- Installing: /Users/tjdwo0609/Documents/DockerRos/ros2_ws/install/indy_description/share/indy_description//meshes/dual_icon3
[0.893s] -- Installing: /Users/tjdwo0609/Documents/DockerRos/ros2_ws/install/indy_description/share/indy_description//meshes/dual_icon3/visual
[0.893s] -- Installing: /Users/tjdwo0609/Documents/DockerRos/ros2_ws/install/indy_description/share/indy_description//meshes/dual_icon3/visual/Body_frame.stl
[0.893s] -- Installing: /Users/tjdwo0609/Documents/DockerRos/ros2_ws/install/indy_description/share/indy_description//meshes/dual_icon3/visual/Body_cover.stl
[0.893s] -- Installing: /Users/tjdwo0609/Documents/DockerRos/ros2_ws/install/indy_description/share/indy_description//meshes/dual_icon3/visual/Body_base.stl
[0.894s] -- Installing: /Users/tjdwo0609/Documents/DockerRos/ros2_ws/install/indy_description/share/indy_description//meshes/dual_icon3/collision
[0.894s] -- Installing: /Users/tjdwo0609/Documents/DockerRos/ros2_ws/install/indy_description/share/indy_description//meshes/dual_icon3/collision/Body_frame.stl
[0.894s] -- Installing: /Users/tjdwo0609/Documents/DockerRos/ros2_ws/install/indy_description/share/indy_description//meshes/dual_icon3/collision/Body_cover.stl
[0.894s] -- Installing: /Users/tjdwo0609/Documents/DockerRos/ros2_ws/install/indy_description/share/indy_description//meshes/dual_icon3/collision/Body_base.stl
[0.894s] -- Installing: /Users/tjdwo0609/Documents/DockerRos/ros2_ws/install/indy_description/share/indy_description//meshes/icon7l
[0.894s] -- Installing: /Users/tjdwo0609/Documents/DockerRos/ros2_ws/install/indy_description/share/indy_description//meshes/icon7l/visual
[0.895s] -- Installing: /Users/tjdwo0609/Documents/DockerRos/ros2_ws/install/indy_description/share/indy_description//meshes/icon7l/visual/ICoN7L_2.stl
[0.895s] -- Installing: /Users/tjdwo0609/Documents/DockerRos/ros2_ws/install/indy_description/share/indy_description//meshes/icon7l/visual/ICoN7L_3.stl
[0.895s] -- Installing: /Users/tjdwo0609/Documents/DockerRos/ros2_ws/install/indy_description/share/indy_description//meshes/icon7l/visual/ICoN7L_1.stl
[0.895s] -- Installing: /Users/tjdwo0609/Documents/DockerRos/ros2_ws/install/indy_description/share/indy_description//meshes/icon7l/visual/ICoN7L_0.stl
[0.895s] -- Installing: /Users/tjdwo0609/Documents/DockerRos/ros2_ws/install/indy_description/share/indy_description//meshes/icon7l/visual/ICoN7L_4.stl
[0.895s] -- Installing: /Users/tjdwo0609/Documents/DockerRos/ros2_ws/install/indy_description/share/indy_description//meshes/icon7l/visual/ICoN7L_5.stl
[0.896s] -- Installing: /Users/tjdwo0609/Documents/DockerRos/ros2_ws/install/indy_description/share/indy_description//meshes/icon7l/visual/ICoN7L_6.stl
[0.896s] -- Installing: /Users/tjdwo0609/Documents/DockerRos/ros2_ws/install/indy_description/share/indy_description//meshes/icon7l/collision
[0.896s] -- Installing: /Users/tjdwo0609/Documents/DockerRos/ros2_ws/install/indy_description/share/indy_description//meshes/icon7l/collision/ICoN7L_2.stl
[0.896s] -- Installing: /Users/tjdwo0609/Documents/DockerRos/ros2_ws/install/indy_description/share/indy_description//meshes/icon7l/collision/ICoN7L_3.stl
[0.896s] -- Installing: /Users/tjdwo0609/Documents/DockerRos/ros2_ws/install/indy_description/share/indy_description//meshes/icon7l/collision/ICoN7L_1.stl
[0.896s] -- Installing: /Users/tjdwo0609/Documents/DockerRos/ros2_ws/install/indy_description/share/indy_description//meshes/icon7l/collision/ICoN7L_0.stl
[0.897s] -- Installing: /Users/tjdwo0609/Documents/DockerRos/ros2_ws/install/indy_description/share/indy_description//meshes/icon7l/collision/ICoN7L_4.stl
[0.897s] -- Installing: /Users/tjdwo0609/Documents/DockerRos/ros2_ws/install/indy_description/share/indy_description//meshes/icon7l/collision/ICoN7L_5.stl
[0.897s] -- Installing: /Users/tjdwo0609/Documents/DockerRos/ros2_ws/install/indy_description/share/indy_description//meshes/icon7l/collision/ICoN7L_6.stl
[0.897s] -- Installing: /Users/tjdwo0609/Documents/DockerRos/ros2_ws/install/indy_description/share/indy_description//meshes/icon3
[0.897s] -- Installing: /Users/tjdwo0609/Documents/DockerRos/ros2_ws/install/indy_description/share/indy_description//meshes/icon3/visual
[0.897s] -- Installing: /Users/tjdwo0609/Documents/DockerRos/ros2_ws/install/indy_description/share/indy_description//meshes/icon3/visual/ICoN3_5.stl
[0.898s] -- Installing: /Users/tjdwo0609/Documents/DockerRos/ros2_ws/install/indy_description/share/indy_description//meshes/icon3/visual/ICoN3_4.stl
[0.898s] -- Installing: /Users/tjdwo0609/Documents/DockerRos/ros2_ws/install/indy_description/share/indy_description//meshes/icon3/visual/ICoN3_6.stl
[0.898s] -- Installing: /Users/tjdwo0609/Documents/DockerRos/ros2_ws/install/indy_description/share/indy_description//meshes/icon3/visual/ICoN3_3.stl
[0.898s] -- Installing: /Users/tjdwo0609/Documents/DockerRos/ros2_ws/install/indy_description/share/indy_description//meshes/icon3/visual/ICoN3_2.stl
[0.899s] -- Installing: /Users/tjdwo0609/Documents/DockerRos/ros2_ws/install/indy_description/share/indy_description//meshes/icon3/visual/ICoN3_0.stl
[0.899s] -- Installing: /Users/tjdwo0609/Documents/DockerRos/ros2_ws/install/indy_description/share/indy_description//meshes/icon3/visual/ICoN3_1.stl
[0.899s] -- Installing: /Users/tjdwo0609/Documents/DockerRos/ros2_ws/install/indy_description/share/indy_description//meshes/icon3/collision
[0.899s] -- Installing: /Users/tjdwo0609/Documents/DockerRos/ros2_ws/install/indy_description/share/indy_description//meshes/icon3/collision/ICoN3_5.stl
[0.900s] -- Installing: /Users/tjdwo0609/Documents/DockerRos/ros2_ws/install/indy_description/share/indy_description//meshes/icon3/collision/ICoN3_4.stl
[0.900s] -- Installing: /Users/tjdwo0609/Documents/DockerRos/ros2_ws/install/indy_description/share/indy_description//meshes/icon3/collision/ICoN3_6.stl
[0.900s] -- Installing: /Users/tjdwo0609/Documents/DockerRos/ros2_ws/install/indy_description/share/indy_description//meshes/icon3/collision/ICoN3_3.stl
[0.901s] -- Installing: /Users/tjdwo0609/Documents/DockerRos/ros2_ws/install/indy_description/share/indy_description//meshes/icon3/collision/ICoN3_2.stl
[0.901s] -- Installing: /Users/tjdwo0609/Documents/DockerRos/ros2_ws/install/indy_description/share/indy_description//meshes/icon3/collision/ICoN3_0.stl
[0.901s] -- Installing: /Users/tjdwo0609/Documents/DockerRos/ros2_ws/install/indy_description/share/indy_description//meshes/icon3/collision/ICoN3_1.stl
[0.901s] -- Installing: /Users/tjdwo0609/Documents/DockerRos/ros2_ws/install/indy_description/share/indy_description//meshes/indyrp2
[0.902s] -- Installing: /Users/tjdwo0609/Documents/DockerRos/ros2_ws/install/indy_description/share/indy_description//meshes/indyrp2/visual
[0.902s] -- Installing: /Users/tjdwo0609/Documents/DockerRos/ros2_ws/install/indy_description/share/indy_description//meshes/indyrp2/visual/IndyRP2_eye_7.stl
[0.902s] -- Installing: /Users/tjdwo0609/Documents/DockerRos/ros2_ws/install/indy_description/share/indy_description//meshes/indyrp2/visual/IndyRP2_5.stl
[0.902s] -- Installing: /Users/tjdwo0609/Documents/DockerRos/ros2_ws/install/indy_description/share/indy_description//meshes/indyrp2/visual/IndyRP2_4.stl
[0.902s] -- Installing: /Users/tjdwo0609/Documents/DockerRos/ros2_ws/install/indy_description/share/indy_description//meshes/indyrp2/visual/IndyRP2_6.stl
[0.903s] -- Installing: /Users/tjdwo0609/Documents/DockerRos/ros2_ws/install/indy_description/share/indy_description//meshes/indyrp2/visual/IndyRP2_7.stl
[0.903s] -- Installing: /Users/tjdwo0609/Documents/DockerRos/ros2_ws/install/indy_description/share/indy_description//meshes/indyrp2/visual/IndyRP2_3.stl
[0.903s] -- Installing: /Users/tjdwo0609/Documents/DockerRos/ros2_ws/install/indy_description/share/indy_description//meshes/indyrp2/visual/IndyRP2_2.stl
[0.903s] -- Installing: /Users/tjdwo0609/Documents/DockerRos/ros2_ws/install/indy_description/share/indy_description//meshes/indyrp2/visual/IndyRP2_0.stl
[0.903s] -- Installing: /Users/tjdwo0609/Documents/DockerRos/ros2_ws/install/indy_description/share/indy_description//meshes/indyrp2/visual/IndyRP2_1.stl
[0.904s] -- Installing: /Users/tjdwo0609/Documents/DockerRos/ros2_ws/install/indy_description/share/indy_description//meshes/indyrp2/collision
[0.904s] -- Installing: /Users/tjdwo0609/Documents/DockerRos/ros2_ws/install/indy_description/share/indy_description//meshes/indyrp2/collision/IndyRP2_eye_7.stl
[0.904s] -- Installing: /Users/tjdwo0609/Documents/DockerRos/ros2_ws/install/indy_description/share/indy_description//meshes/indyrp2/collision/IndyRP2_5.stl
[0.904s] -- Installing: /Users/tjdwo0609/Documents/DockerRos/ros2_ws/install/indy_description/share/indy_description//meshes/indyrp2/collision/IndyRP2_4.stl
[0.904s] -- Installing: /Users/tjdwo0609/Documents/DockerRos/ros2_ws/install/indy_description/share/indy_description//meshes/indyrp2/collision/IndyRP2_6.stl
[0.904s] -- Installing: /Users/tjdwo0609/Documents/DockerRos/ros2_ws/install/indy_description/share/indy_description//meshes/indyrp2/collision/IndyRP2_7.stl
[0.905s] -- Installing: /Users/tjdwo0609/Documents/DockerRos/ros2_ws/install/indy_description/share/indy_description//meshes/indyrp2/collision/IndyRP2_3.stl
[0.905s] -- Installing: /Users/tjdwo0609/Documents/DockerRos/ros2_ws/install/indy_description/share/indy_description//meshes/indyrp2/collision/IndyRP2_2.stl
[0.905s] -- Installing: /Users/tjdwo0609/Documents/DockerRos/ros2_ws/install/indy_description/share/indy_description//meshes/indyrp2/collision/IndyRP2_0.stl
[0.905s] -- Installing: /Users/tjdwo0609/Documents/DockerRos/ros2_ws/install/indy_description/share/indy_description//meshes/indyrp2/collision/IndyRP2_1.stl
[0.905s] -- Installing: /Users/tjdwo0609/Documents/DockerRos/ros2_ws/install/indy_description/share/indy_description//meshes/indy7
[0.905s] -- Installing: /Users/tjdwo0609/Documents/DockerRos/ros2_ws/install/indy_description/share/indy_description//meshes/indy7/visual
[0.906s] -- Installing: /Users/tjdwo0609/Documents/DockerRos/ros2_ws/install/indy_description/share/indy_description//meshes/indy7/visual/Indy7_6.stl
[0.906s] -- Installing: /Users/tjdwo0609/Documents/DockerRos/ros2_ws/install/indy_description/share/indy_description//meshes/indy7/visual/Indy7_4.stl
[0.906s] -- Installing: /Users/tjdwo0609/Documents/DockerRos/ros2_ws/install/indy_description/share/indy_description//meshes/indy7/visual/Indy7_5.stl
[0.906s] -- Installing: /Users/tjdwo0609/Documents/DockerRos/ros2_ws/install/indy_description/share/indy_description//meshes/indy7/visual/Indy7_1.stl
[0.906s] -- Installing: /Users/tjdwo0609/Documents/DockerRos/ros2_ws/install/indy_description/share/indy_description//meshes/indy7/visual/Indy7_0.stl
[0.907s] -- Installing: /Users/tjdwo0609/Documents/DockerRos/ros2_ws/install/indy_description/share/indy_description//meshes/indy7/visual/Indy7_2.stl
[0.907s] -- Installing: /Users/tjdwo0609/Documents/DockerRos/ros2_ws/install/indy_description/share/indy_description//meshes/indy7/visual/Indy7_3.stl
[0.907s] -- Installing: /Users/tjdwo0609/Documents/DockerRos/ros2_ws/install/indy_description/share/indy_description//meshes/indy7/visual/Indy7_eye_6.stl
[0.908s] -- Installing: /Users/tjdwo0609/Documents/DockerRos/ros2_ws/install/indy_description/share/indy_description//meshes/indy7/collision
[0.908s] -- Installing: /Users/tjdwo0609/Documents/DockerRos/ros2_ws/install/indy_description/share/indy_description//meshes/indy7/collision/Indy7_6.stl
[0.908s] -- Installing: /Users/tjdwo0609/Documents/DockerRos/ros2_ws/install/indy_description/share/indy_description//meshes/indy7/collision/Indy7_4.stl
[0.908s] -- Installing: /Users/tjdwo0609/Documents/DockerRos/ros2_ws/install/indy_description/share/indy_description//meshes/indy7/collision/Indy7_5.stl
[0.909s] -- Installing: /Users/tjdwo0609/Documents/DockerRos/ros2_ws/install/indy_description/share/indy_description//meshes/indy7/collision/Indy7_1.stl
[0.909s] -- Installing: /Users/tjdwo0609/Documents/DockerRos/ros2_ws/install/indy_description/share/indy_description//meshes/indy7/collision/Indy7_0.stl
[0.909s] -- Installing: /Users/tjdwo0609/Documents/DockerRos/ros2_ws/install/indy_description/share/indy_description//meshes/indy7/collision/Indy7_2.stl
[0.910s] -- Installing: /Users/tjdwo0609/Documents/DockerRos/ros2_ws/install/indy_description/share/indy_description//meshes/indy7/collision/Indy7_3.stl
[0.910s] -- Installing: /Users/tjdwo0609/Documents/DockerRos/ros2_ws/install/indy_description/share/indy_description//meshes/indy7/collision/Indy7_eye_6.stl
[0.910s] -- Installing: /Users/tjdwo0609/Documents/DockerRos/ros2_ws/install/indy_description/share/indy_description//meshes/indy12_v2
[0.911s] -- Installing: /Users/tjdwo0609/Documents/DockerRos/ros2_ws/install/indy_description/share/indy_description//meshes/indy12_v2/visual
[0.911s] -- Installing: /Users/tjdwo0609/Documents/DockerRos/ros2_ws/install/indy_description/share/indy_description//meshes/indy12_v2/visual/Indy12_v2_5.stl
[0.911s] -- Installing: /Users/tjdwo0609/Documents/DockerRos/ros2_ws/install/indy_description/share/indy_description//meshes/indy12_v2/visual/Indy12_v2_4.stl
[0.911s] -- Installing: /Users/tjdwo0609/Documents/DockerRos/ros2_ws/install/indy_description/share/indy_description//meshes/indy12_v2/visual/Indy12_v2_6.stl
[0.911s] -- Installing: /Users/tjdwo0609/Documents/DockerRos/ros2_ws/install/indy_description/share/indy_description//meshes/indy12_v2/visual/Indy12_v2_3.stl
[0.912s] -- Installing: /Users/tjdwo0609/Documents/DockerRos/ros2_ws/install/indy_description/share/indy_description//meshes/indy12_v2/visual/Indy12_v2_2.stl
[0.912s] -- Installing: /Users/tjdwo0609/Documents/DockerRos/ros2_ws/install/indy_description/share/indy_description//meshes/indy12_v2/visual/Indy12_v2_0.stl
[0.912s] -- Installing: /Users/tjdwo0609/Documents/DockerRos/ros2_ws/install/indy_description/share/indy_description//meshes/indy12_v2/visual/Indy12_v2_1.stl
[0.912s] -- Installing: /Users/tjdwo0609/Documents/DockerRos/ros2_ws/install/indy_description/share/indy_description//meshes/indy12_v2/collision
[0.912s] -- Installing: /Users/tjdwo0609/Documents/DockerRos/ros2_ws/install/indy_description/share/indy_description//meshes/indy12_v2/collision/Indy12_v2_5.stl
[0.912s] -- Installing: /Users/tjdwo0609/Documents/DockerRos/ros2_ws/install/indy_description/share/indy_description//meshes/indy12_v2/collision/Indy12_v2_4.stl
[0.913s] -- Installing: /Users/tjdwo0609/Documents/DockerRos/ros2_ws/install/indy_description/share/indy_description//meshes/indy12_v2/collision/Indy12_v2_6.stl
[0.913s] -- Installing: /Users/tjdwo0609/Documents/DockerRos/ros2_ws/install/indy_description/share/indy_description//meshes/indy12_v2/collision/Indy12_v2_3.stl
[0.913s] -- Installing: /Users/tjdwo0609/Documents/DockerRos/ros2_ws/install/indy_description/share/indy_description//meshes/indy12_v2/collision/Indy12_v2_2.stl
[0.913s] -- Installing: /Users/tjdwo0609/Documents/DockerRos/ros2_ws/install/indy_description/share/indy_description//meshes/indy12_v2/collision/Indy12_v2_0.stl
[0.913s] -- Installing: /Users/tjdwo0609/Documents/DockerRos/ros2_ws/install/indy_description/share/indy_description//meshes/indy12_v2/collision/Indy12_v2_1.stl
[0.914s] -- Installing: /Users/tjdwo0609/Documents/DockerRos/ros2_ws/install/indy_description/share/indy_description//meshes/opti5
[0.914s] -- Installing: /Users/tjdwo0609/Documents/DockerRos/ros2_ws/install/indy_description/share/indy_description//meshes/opti5/visual
[0.914s] -- Installing: /Users/tjdwo0609/Documents/DockerRos/ros2_ws/install/indy_description/share/indy_description//meshes/opti5/visual/Opti5_4.stl
[0.914s] -- Installing: /Users/tjdwo0609/Documents/DockerRos/ros2_ws/install/indy_description/share/indy_description//meshes/opti5/visual/Opti5_5.stl
[0.914s] -- Installing: /Users/tjdwo0609/Documents/DockerRos/ros2_ws/install/indy_description/share/indy_description//meshes/opti5/visual/Opti5_6.stl
[0.914s] -- Installing: /Users/tjdwo0609/Documents/DockerRos/ros2_ws/install/indy_description/share/indy_description//meshes/opti5/visual/Opti5_2.stl
[0.915s] -- Installing: /Users/tjdwo0609/Documents/DockerRos/ros2_ws/install/indy_description/share/indy_description//meshes/opti5/visual/Opti5_3.stl
[0.915s] -- Installing: /Users/tjdwo0609/Documents/DockerRos/ros2_ws/install/indy_description/share/indy_description//meshes/opti5/visual/Opti5_1.stl
[0.915s] -- Installing: /Users/tjdwo0609/Documents/DockerRos/ros2_ws/install/indy_description/share/indy_description//meshes/opti5/visual/Opti5_0.stl
[0.915s] -- Installing: /Users/tjdwo0609/Documents/DockerRos/ros2_ws/install/indy_description/share/indy_description//meshes/opti5/collision
[0.915s] -- Installing: /Users/tjdwo0609/Documents/DockerRos/ros2_ws/install/indy_description/share/indy_description//meshes/opti5/collision/Opti5_4.stl
[0.915s] -- Installing: /Users/tjdwo0609/Documents/DockerRos/ros2_ws/install/indy_description/share/indy_description//meshes/opti5/collision/Opti5_5.stl
[0.916s] -- Installing: /Users/tjdwo0609/Documents/DockerRos/ros2_ws/install/indy_description/share/indy_description//meshes/opti5/collision/Opti5_6.stl
[0.916s] -- Installing: /Users/tjdwo0609/Documents/DockerRos/ros2_ws/install/indy_description/share/indy_description//meshes/opti5/collision/Opti5_2.stl
[0.916s] -- Installing: /Users/tjdwo0609/Documents/DockerRos/ros2_ws/install/indy_description/share/indy_description//meshes/opti5/collision/Opti5_3.stl
[0.916s] -- Installing: /Users/tjdwo0609/Documents/DockerRos/ros2_ws/install/indy_description/share/indy_description//meshes/opti5/collision/Opti5_1.stl
[0.916s] -- Installing: /Users/tjdwo0609/Documents/DockerRos/ros2_ws/install/indy_description/share/indy_description//meshes/opti5/collision/Opti5_0.stl
[0.917s] -- Installing: /Users/tjdwo0609/Documents/DockerRos/ros2_ws/install/indy_description/share/indy_description//meshes/nuri20c
[0.917s] -- Installing: /Users/tjdwo0609/Documents/DockerRos/ros2_ws/install/indy_description/share/indy_description//meshes/nuri20c/visual
[0.917s] -- Installing: /Users/tjdwo0609/Documents/DockerRos/ros2_ws/install/indy_description/share/indy_description//meshes/nuri20c/visual/Nuri20c_2.stl
[0.917s] -- Installing: /Users/tjdwo0609/Documents/DockerRos/ros2_ws/install/indy_description/share/indy_description//meshes/nuri20c/visual/Nuri20c_3.stl
[0.917s] -- Installing: /Users/tjdwo0609/Documents/DockerRos/ros2_ws/install/indy_description/share/indy_description//meshes/nuri20c/visual/Nuri20c_1.stl
[0.918s] -- Installing: /Users/tjdwo0609/Documents/DockerRos/ros2_ws/install/indy_description/share/indy_description//meshes/nuri20c/visual/Nuri20c_0.stl
[0.918s] -- Installing: /Users/tjdwo0609/Documents/DockerRos/ros2_ws/install/indy_description/share/indy_description//meshes/nuri20c/visual/Nuri20c_4.stl
[0.918s] -- Installing: /Users/tjdwo0609/Documents/DockerRos/ros2_ws/install/indy_description/share/indy_description//meshes/nuri20c/visual/Nuri20c_5.stl
[0.918s] -- Installing: /Users/tjdwo0609/Documents/DockerRos/ros2_ws/install/indy_description/share/indy_description//meshes/nuri20c/visual/Nuri20c_6.stl
[0.919s] -- Installing: /Users/tjdwo0609/Documents/DockerRos/ros2_ws/install/indy_description/share/indy_description//meshes/nuri20c/collision
[0.919s] -- Installing: /Users/tjdwo0609/Documents/DockerRos/ros2_ws/install/indy_description/share/indy_description//meshes/nuri20c/collision/Nuri20c_2.stl
[0.919s] -- Installing: /Users/tjdwo0609/Documents/DockerRos/ros2_ws/install/indy_description/share/indy_description//meshes/nuri20c/collision/Nuri20c_3.stl
[0.919s] -- Installing: /Users/tjdwo0609/Documents/DockerRos/ros2_ws/install/indy_description/share/indy_description//meshes/nuri20c/collision/Nuri20c_1.stl
[0.920s] -- Installing: /Users/tjdwo0609/Documents/DockerRos/ros2_ws/install/indy_description/share/indy_description//meshes/nuri20c/collision/Nuri20c_0.stl
[0.920s] -- Installing: /Users/tjdwo0609/Documents/DockerRos/ros2_ws/install/indy_description/share/indy_description//meshes/nuri20c/collision/Nuri20c_4.stl
[0.920s] -- Installing: /Users/tjdwo0609/Documents/DockerRos/ros2_ws/install/indy_description/share/indy_description//meshes/nuri20c/collision/Nuri20c_5.stl
[0.920s] -- Installing: /Users/tjdwo0609/Documents/DockerRos/ros2_ws/install/indy_description/share/indy_description//meshes/nuri20c/collision/Nuri20c_6.stl
[0.920s] -- Installing: /Users/tjdwo0609/Documents/DockerRos/ros2_ws/install/indy_description/share/indy_description//meshes/nuri4s
[0.921s] -- Installing: /Users/tjdwo0609/Documents/DockerRos/ros2_ws/install/indy_description/share/indy_description//meshes/nuri4s/visual
[0.921s] -- Installing: /Users/tjdwo0609/Documents/DockerRos/ros2_ws/install/indy_description/share/indy_description//meshes/nuri4s/visual/Nuri4s_6.stl
[0.921s] -- Installing: /Users/tjdwo0609/Documents/DockerRos/ros2_ws/install/indy_description/share/indy_description//meshes/nuri4s/visual/Nuri4s_5.stl
[0.921s] -- Installing: /Users/tjdwo0609/Documents/DockerRos/ros2_ws/install/indy_description/share/indy_description//meshes/nuri4s/visual/Nuri4s_4.stl
[0.921s] -- Installing: /Users/tjdwo0609/Documents/DockerRos/ros2_ws/install/indy_description/share/indy_description//meshes/nuri4s/visual/Nuri4s_0.stl
[0.922s] -- Installing: /Users/tjdwo0609/Documents/DockerRos/ros2_ws/install/indy_description/share/indy_description//meshes/nuri4s/visual/Nuri4s_1.stl
[0.922s] -- Installing: /Users/tjdwo0609/Documents/DockerRos/ros2_ws/install/indy_description/share/indy_description//meshes/nuri4s/visual/Nuri4s_3.stl
[0.922s] -- Installing: /Users/tjdwo0609/Documents/DockerRos/ros2_ws/install/indy_description/share/indy_description//meshes/nuri4s/visual/Nuri4s_2.stl
[0.922s] -- Installing: /Users/tjdwo0609/Documents/DockerRos/ros2_ws/install/indy_description/share/indy_description//meshes/nuri4s/collision
[0.922s] -- Installing: /Users/tjdwo0609/Documents/DockerRos/ros2_ws/install/indy_description/share/indy_description//meshes/nuri4s/collision/Nuri4s_6.stl
[0.923s] -- Installing: /Users/tjdwo0609/Documents/DockerRos/ros2_ws/install/indy_description/share/indy_description//meshes/nuri4s/collision/Nuri4s_5.stl
[0.923s] -- Installing: /Users/tjdwo0609/Documents/DockerRos/ros2_ws/install/indy_description/share/indy_description//meshes/nuri4s/collision/Nuri4s_4.stl
[0.923s] -- Installing: /Users/tjdwo0609/Documents/DockerRos/ros2_ws/install/indy_description/share/indy_description//meshes/nuri4s/collision/Nuri4s_0.stl
[0.923s] -- Installing: /Users/tjdwo0609/Documents/DockerRos/ros2_ws/install/indy_description/share/indy_description//meshes/nuri4s/collision/Nuri4s_1.stl
[0.923s] -- Installing: /Users/tjdwo0609/Documents/DockerRos/ros2_ws/install/indy_description/share/indy_description//meshes/nuri4s/collision/Nuri4s_3.stl
[0.924s] -- Installing: /Users/tjdwo0609/Documents/DockerRos/ros2_ws/install/indy_description/share/indy_description//meshes/nuri4s/collision/Nuri4s_2.stl
[0.924s] -- Installing: /Users/tjdwo0609/Documents/DockerRos/ros2_ws/install/indy_description/share/indy_description//meshes/indyrp2_v2
[0.924s] -- Installing: /Users/tjdwo0609/Documents/DockerRos/ros2_ws/install/indy_description/share/indy_description//meshes/indyrp2_v2/visual
[0.924s] -- Installing: /Users/tjdwo0609/Documents/DockerRos/ros2_ws/install/indy_description/share/indy_description//meshes/indyrp2_v2/visual/IndyRP2_v2_eye_7.stl
[0.924s] -- Installing: /Users/tjdwo0609/Documents/DockerRos/ros2_ws/install/indy_description/share/indy_description//meshes/indyrp2_v2/visual/IndyRP2_v2_7.stl
[0.925s] -- Installing: /Users/tjdwo0609/Documents/DockerRos/ros2_ws/install/indy_description/share/indy_description//meshes/indyrp2_v2/visual/IndyRP2_v2_6.stl
[0.925s] -- Installing: /Users/tjdwo0609/Documents/DockerRos/ros2_ws/install/indy_description/share/indy_description//meshes/indyrp2_v2/visual/IndyRP2_v2_4.stl
[0.925s] -- Installing: /Users/tjdwo0609/Documents/DockerRos/ros2_ws/install/indy_description/share/indy_description//meshes/indyrp2_v2/visual/IndyRP2_v2_5.stl
[0.925s] -- Installing: /Users/tjdwo0609/Documents/DockerRos/ros2_ws/install/indy_description/share/indy_description//meshes/indyrp2_v2/visual/IndyRP2_v2_1.stl
[0.925s] -- Installing: /Users/tjdwo0609/Documents/DockerRos/ros2_ws/install/indy_description/share/indy_description//meshes/indyrp2_v2/visual/IndyRP2_v2_0.stl
[0.926s] -- Installing: /Users/tjdwo0609/Documents/DockerRos/ros2_ws/install/indy_description/share/indy_description//meshes/indyrp2_v2/visual/IndyRP2_v2_2.stl
[0.926s] -- Installing: /Users/tjdwo0609/Documents/DockerRos/ros2_ws/install/indy_description/share/indy_description//meshes/indyrp2_v2/visual/IndyRP2_v2_3.stl
[0.926s] -- Installing: /Users/tjdwo0609/Documents/DockerRos/ros2_ws/install/indy_description/share/indy_description//meshes/indyrp2_v2/collision
[0.926s] -- Installing: /Users/tjdwo0609/Documents/DockerRos/ros2_ws/install/indy_description/share/indy_description//meshes/indyrp2_v2/collision/IndyRP2_v2_eye_7.stl
[0.927s] -- Installing: /Users/tjdwo0609/Documents/DockerRos/ros2_ws/install/indy_description/share/indy_description//meshes/indyrp2_v2/collision/IndyRP2_v2_7.stl
[0.927s] -- Installing: /Users/tjdwo0609/Documents/DockerRos/ros2_ws/install/indy_description/share/indy_description//meshes/indyrp2_v2/collision/IndyRP2_v2_6.stl
[0.927s] -- Installing: /Users/tjdwo0609/Documents/DockerRos/ros2_ws/install/indy_description/share/indy_description//meshes/indyrp2_v2/collision/IndyRP2_v2_4.stl
[0.928s] -- Installing: /Users/tjdwo0609/Documents/DockerRos/ros2_ws/install/indy_description/share/indy_description//meshes/indyrp2_v2/collision/IndyRP2_v2_5.stl
[0.928s] -- Installing: /Users/tjdwo0609/Documents/DockerRos/ros2_ws/install/indy_description/share/indy_description//meshes/indyrp2_v2/collision/IndyRP2_v2_1.stl
[0.928s] -- Installing: /Users/tjdwo0609/Documents/DockerRos/ros2_ws/install/indy_description/share/indy_description//meshes/indyrp2_v2/collision/IndyRP2_v2_0.stl
[0.929s] -- Installing: /Users/tjdwo0609/Documents/DockerRos/ros2_ws/install/indy_description/share/indy_description//meshes/indyrp2_v2/collision/IndyRP2_v2_2.stl
[0.929s] -- Installing: /Users/tjdwo0609/Documents/DockerRos/ros2_ws/install/indy_description/share/indy_description//meshes/indyrp2_v2/collision/IndyRP2_v2_3.stl
[0.929s] -- Installing: /Users/tjdwo0609/Documents/DockerRos/ros2_ws/install/indy_description/share/indy_description//meshes/indy7_v2
[0.929s] -- Installing: /Users/tjdwo0609/Documents/DockerRos/ros2_ws/install/indy_description/share/indy_description//meshes/indy7_v2/visual
[0.930s] -- Installing: /Users/tjdwo0609/Documents/DockerRos/ros2_ws/install/indy_description/share/indy_description//meshes/indy7_v2/visual/Indy7_v2_6.stl
[0.930s] -- Installing: /Users/tjdwo0609/Documents/DockerRos/ros2_ws/install/indy_description/share/indy_description//meshes/indy7_v2/visual/Indy7_v2_4.stl
[0.930s] -- Installing: /Users/tjdwo0609/Documents/DockerRos/ros2_ws/install/indy_description/share/indy_description//meshes/indy7_v2/visual/Indy7_v2_5.stl
[0.930s] -- Installing: /Users/tjdwo0609/Documents/DockerRos/ros2_ws/install/indy_description/share/indy_description//meshes/indy7_v2/visual/Indy7_v2_eye_6.stl
[0.930s] -- Installing: /Users/tjdwo0609/Documents/DockerRos/ros2_ws/install/indy_description/share/indy_description//meshes/indy7_v2/visual/Indy7_v2_1.stl
[0.931s] -- Installing: /Users/tjdwo0609/Documents/DockerRos/ros2_ws/install/indy_description/share/indy_description//meshes/indy7_v2/visual/Indy7_v2_0.stl
[0.931s] -- Installing: /Users/tjdwo0609/Documents/DockerRos/ros2_ws/install/indy_description/share/indy_description//meshes/indy7_v2/visual/Indy7_v2_2.stl
[0.931s] -- Installing: /Users/tjdwo0609/Documents/DockerRos/ros2_ws/install/indy_description/share/indy_description//meshes/indy7_v2/visual/Indy7_v2_3.stl
[0.931s] -- Installing: /Users/tjdwo0609/Documents/DockerRos/ros2_ws/install/indy_description/share/indy_description//meshes/indy7_v2/collision
[0.931s] -- Installing: /Users/tjdwo0609/Documents/DockerRos/ros2_ws/install/indy_description/share/indy_description//meshes/indy7_v2/collision/Indy7_v2_6.stl
[0.931s] -- Installing: /Users/tjdwo0609/Documents/DockerRos/ros2_ws/install/indy_description/share/indy_description//meshes/indy7_v2/collision/Indy7_v2_4.stl
[0.932s] -- Installing: /Users/tjdwo0609/Documents/DockerRos/ros2_ws/install/indy_description/share/indy_description//meshes/indy7_v2/collision/Indy7_v2_5.stl
[0.932s] -- Installing: /Users/tjdwo0609/Documents/DockerRos/ros2_ws/install/indy_description/share/indy_description//meshes/indy7_v2/collision/Indy7_v2_eye_6.stl
[0.932s] -- Installing: /Users/tjdwo0609/Documents/DockerRos/ros2_ws/install/indy_description/share/indy_description//meshes/indy7_v2/collision/Indy7_v2_1.stl
[0.932s] -- Installing: /Users/tjdwo0609/Documents/DockerRos/ros2_ws/install/indy_description/share/indy_description//meshes/indy7_v2/collision/Indy7_v2_0.stl
[0.932s] -- Installing: /Users/tjdwo0609/Documents/DockerRos/ros2_ws/install/indy_description/share/indy_description//meshes/indy7_v2/collision/Indy7_v2_2.stl
[0.933s] -- Installing: /Users/tjdwo0609/Documents/DockerRos/ros2_ws/install/indy_description/share/indy_description//meshes/indy7_v2/collision/Indy7_v2_3.stl
[0.933s] -- Installing: /Users/tjdwo0609/Documents/DockerRos/ros2_ws/install/indy_description/share/indy_description//meshes/nuri30s
[0.933s] -- Installing: /Users/tjdwo0609/Documents/DockerRos/ros2_ws/install/indy_description/share/indy_description//meshes/nuri30s/visual
[0.933s] -- Installing: /Users/tjdwo0609/Documents/DockerRos/ros2_ws/install/indy_description/share/indy_description//meshes/nuri30s/visual/Nuri30s_6.stl
[0.933s] -- Installing: /Users/tjdwo0609/Documents/DockerRos/ros2_ws/install/indy_description/share/indy_description//meshes/nuri30s/visual/Nuri30s_5.stl
[0.933s] -- Installing: /Users/tjdwo0609/Documents/DockerRos/ros2_ws/install/indy_description/share/indy_description//meshes/nuri30s/visual/Nuri30s_4.stl
[0.934s] -- Installing: /Users/tjdwo0609/Documents/DockerRos/ros2_ws/install/indy_description/share/indy_description//meshes/nuri30s/visual/Nuri30s_0.stl
[0.934s] -- Installing: /Users/tjdwo0609/Documents/DockerRos/ros2_ws/install/indy_description/share/indy_description//meshes/nuri30s/visual/Nuri30s_1.stl
[0.934s] -- Installing: /Users/tjdwo0609/Documents/DockerRos/ros2_ws/install/indy_description/share/indy_description//meshes/nuri30s/visual/Nuri30s_3.stl
[0.934s] -- Installing: /Users/tjdwo0609/Documents/DockerRos/ros2_ws/install/indy_description/share/indy_description//meshes/nuri30s/visual/Nuri30s_2.stl
[0.934s] -- Installing: /Users/tjdwo0609/Documents/DockerRos/ros2_ws/install/indy_description/share/indy_description//meshes/nuri30s/collision
[0.935s] -- Installing: /Users/tjdwo0609/Documents/DockerRos/ros2_ws/install/indy_description/share/indy_description//meshes/nuri30s/collision/Nuri30s_6.stl
[0.935s] -- Installing: /Users/tjdwo0609/Documents/DockerRos/ros2_ws/install/indy_description/share/indy_description//meshes/nuri30s/collision/Nuri30s_5.stl
[0.935s] -- Installing: /Users/tjdwo0609/Documents/DockerRos/ros2_ws/install/indy_description/share/indy_description//meshes/nuri30s/collision/Nuri30s_4.stl
[0.935s] -- Installing: /Users/tjdwo0609/Documents/DockerRos/ros2_ws/install/indy_description/share/indy_description//meshes/nuri30s/collision/Nuri30s_0.stl
[0.936s] -- Installing: /Users/tjdwo0609/Documents/DockerRos/ros2_ws/install/indy_description/share/indy_description//meshes/nuri30s/collision/Nuri30s_1.stl
[0.936s] -- Installing: /Users/tjdwo0609/Documents/DockerRos/ros2_ws/install/indy_description/share/indy_description//meshes/nuri30s/collision/Nuri30s_3.stl
[0.936s] -- Installing: /Users/tjdwo0609/Documents/DockerRos/ros2_ws/install/indy_description/share/indy_description//meshes/nuri30s/collision/Nuri30s_2.stl
[0.936s] -- Installing: /Users/tjdwo0609/Documents/DockerRos/ros2_ws/install/indy_description/share/indy_description//meshes/indy7_v3
[0.937s] -- Installing: /Users/tjdwo0609/Documents/DockerRos/ros2_ws/install/indy_description/share/indy_description//meshes/indy7_v3/visual
[0.937s] -- Installing: /Users/tjdwo0609/Documents/DockerRos/ros2_ws/install/indy_description/share/indy_description//meshes/indy7_v3/visual/Indy7_v3_4.stl
[0.937s] -- Installing: /Users/tjdwo0609/Documents/DockerRos/ros2_ws/install/indy_description/share/indy_description//meshes/indy7_v3/visual/Indy7_v3_5.stl
[0.937s] -- Installing: /Users/tjdwo0609/Documents/DockerRos/ros2_ws/install/indy_description/share/indy_description//meshes/indy7_v3/visual/Indy7_v3_6.stl
[0.937s] -- Installing: /Users/tjdwo0609/Documents/DockerRos/ros2_ws/install/indy_description/share/indy_description//meshes/indy7_v3/visual/Indy7_v3_2.stl
[0.938s] -- Installing: /Users/tjdwo0609/Documents/DockerRos/ros2_ws/install/indy_description/share/indy_description//meshes/indy7_v3/visual/Indy7_v3_3.stl
[0.938s] -- Installing: /Users/tjdwo0609/Documents/DockerRos/ros2_ws/install/indy_description/share/indy_description//meshes/indy7_v3/visual/Indy7_v3_1.stl
[0.938s] -- Installing: /Users/tjdwo0609/Documents/DockerRos/ros2_ws/install/indy_description/share/indy_description//meshes/indy7_v3/visual/Indy7_v3_0.stl
[0.938s] -- Installing: /Users/tjdwo0609/Documents/DockerRos/ros2_ws/install/indy_description/share/indy_description//meshes/indy7_v3/collision
[0.938s] -- Installing: /Users/tjdwo0609/Documents/DockerRos/ros2_ws/install/indy_description/share/indy_description//meshes/indy7_v3/collision/Indy7_v3_4.stl
[0.939s] -- Installing: /Users/tjdwo0609/Documents/DockerRos/ros2_ws/install/indy_description/share/indy_description//meshes/indy7_v3/collision/Indy7_v3_5.stl
[0.939s] -- Installing: /Users/tjdwo0609/Documents/DockerRos/ros2_ws/install/indy_description/share/indy_description//meshes/indy7_v3/collision/Indy7_v3_6.stl
[0.939s] -- Installing: /Users/tjdwo0609/Documents/DockerRos/ros2_ws/install/indy_description/share/indy_description//meshes/indy7_v3/collision/Indy7_v3_2.stl
[0.939s] -- Installing: /Users/tjdwo0609/Documents/DockerRos/ros2_ws/install/indy_description/share/indy_description//meshes/indy7_v3/collision/Indy7_v3_3.stl
[0.940s] -- Installing: /Users/tjdwo0609/Documents/DockerRos/ros2_ws/install/indy_description/share/indy_description//meshes/indy7_v3/collision/Indy7_v3_1.stl
[0.940s] -- Installing: /Users/tjdwo0609/Documents/DockerRos/ros2_ws/install/indy_description/share/indy_description//meshes/indy7_v3/collision/Indy7_v3_0.stl
[0.940s] -- Installing: /Users/tjdwo0609/Documents/DockerRos/ros2_ws/install/indy_description/share/indy_description//meshes/nuri3s
[0.940s] -- Installing: /Users/tjdwo0609/Documents/DockerRos/ros2_ws/install/indy_description/share/indy_description//meshes/nuri3s/visual
[0.940s] -- Installing: /Users/tjdwo0609/Documents/DockerRos/ros2_ws/install/indy_description/share/indy_description//meshes/nuri3s/visual/Nuri3s_6.stl
[0.940s] -- Installing: /Users/tjdwo0609/Documents/DockerRos/ros2_ws/install/indy_description/share/indy_description//meshes/nuri3s/visual/Nuri3s_5.stl
[0.940s] -- Installing: /Users/tjdwo0609/Documents/DockerRos/ros2_ws/install/indy_description/share/indy_description//meshes/nuri3s/visual/Nuri3s_4.stl
[0.941s] -- Installing: /Users/tjdwo0609/Documents/DockerRos/ros2_ws/install/indy_description/share/indy_description//meshes/nuri3s/visual/Nuri3s_0.stl
[0.941s] -- Installing: /Users/tjdwo0609/Documents/DockerRos/ros2_ws/install/indy_description/share/indy_description//meshes/nuri3s/visual/Nuri3s_1.stl
[0.941s] -- Installing: /Users/tjdwo0609/Documents/DockerRos/ros2_ws/install/indy_description/share/indy_description//meshes/nuri3s/visual/Nuri3s_3.stl
[0.941s] -- Installing: /Users/tjdwo0609/Documents/DockerRos/ros2_ws/install/indy_description/share/indy_description//meshes/nuri3s/visual/Nuri3s_2.stl
[0.941s] -- Installing: /Users/tjdwo0609/Documents/DockerRos/ros2_ws/install/indy_description/share/indy_description//meshes/nuri3s/collision
[0.941s] -- Installing: /Users/tjdwo0609/Documents/DockerRos/ros2_ws/install/indy_description/share/indy_description//meshes/nuri3s/collision/Nuri3s_6.stl
[0.942s] -- Installing: /Users/tjdwo0609/Documents/DockerRos/ros2_ws/install/indy_description/share/indy_description//meshes/nuri3s/collision/Nuri3s_5.stl
[0.942s] -- Installing: /Users/tjdwo0609/Documents/DockerRos/ros2_ws/install/indy_description/share/indy_description//meshes/nuri3s/collision/Nuri3s_4.stl
[0.942s] -- Installing: /Users/tjdwo0609/Documents/DockerRos/ros2_ws/install/indy_description/share/indy_description//meshes/nuri3s/collision/Nuri3s_0.stl
[0.942s] -- Installing: /Users/tjdwo0609/Documents/DockerRos/ros2_ws/install/indy_description/share/indy_description//meshes/nuri3s/collision/Nuri3s_1.stl
[0.942s] -- Installing: /Users/tjdwo0609/Documents/DockerRos/ros2_ws/install/indy_description/share/indy_description//meshes/nuri3s/collision/Nuri3s_3.stl
[0.943s] -- Installing: /Users/tjdwo0609/Documents/DockerRos/ros2_ws/install/indy_description/share/indy_description//meshes/nuri3s/collision/Nuri3s_2.stl
[0.943s] -- Installing: /Users/tjdwo0609/Documents/DockerRos/ros2_ws/install/indy_description/share/indy_description//meshes/indy12
[0.943s] -- Installing: /Users/tjdwo0609/Documents/DockerRos/ros2_ws/install/indy_description/share/indy_description//meshes/indy12/visual
[0.943s] -- Installing: /Users/tjdwo0609/Documents/DockerRos/ros2_ws/install/indy_description/share/indy_description//meshes/indy12/visual/Indy12_5.stl
[0.943s] -- Installing: /Users/tjdwo0609/Documents/DockerRos/ros2_ws/install/indy_description/share/indy_description//meshes/indy12/visual/Indy12_4.stl
[0.943s] -- Installing: /Users/tjdwo0609/Documents/DockerRos/ros2_ws/install/indy_description/share/indy_description//meshes/indy12/visual/Indy12_6.stl
[0.944s] -- Installing: /Users/tjdwo0609/Documents/DockerRos/ros2_ws/install/indy_description/share/indy_description//meshes/indy12/visual/Indy12_3.stl
[0.944s] -- Installing: /Users/tjdwo0609/Documents/DockerRos/ros2_ws/install/indy_description/share/indy_description//meshes/indy12/visual/Indy12_2.stl
[0.944s] -- Installing: /Users/tjdwo0609/Documents/DockerRos/ros2_ws/install/indy_description/share/indy_description//meshes/indy12/visual/Indy12_0.stl
[0.945s] -- Installing: /Users/tjdwo0609/Documents/DockerRos/ros2_ws/install/indy_description/share/indy_description//meshes/indy12/visual/Indy12_1.stl
[0.945s] -- Installing: /Users/tjdwo0609/Documents/DockerRos/ros2_ws/install/indy_description/share/indy_description//meshes/indy12/collision
[0.945s] -- Installing: /Users/tjdwo0609/Documents/DockerRos/ros2_ws/install/indy_description/share/indy_description//meshes/indy12/collision/Indy12_5.stl
[0.945s] -- Installing: /Users/tjdwo0609/Documents/DockerRos/ros2_ws/install/indy_description/share/indy_description//meshes/indy12/collision/Indy12_4.stl
[0.945s] -- Installing: /Users/tjdwo0609/Documents/DockerRos/ros2_ws/install/indy_description/share/indy_description//meshes/indy12/collision/Indy12_6.stl
[0.946s] -- Installing: /Users/tjdwo0609/Documents/DockerRos/ros2_ws/install/indy_description/share/indy_description//meshes/indy12/collision/Indy12_3.stl
[0.946s] -- Installing: /Users/tjdwo0609/Documents/DockerRos/ros2_ws/install/indy_description/share/indy_description//meshes/indy12/collision/Indy12_2.stl
[0.946s] -- Installing: /Users/tjdwo0609/Documents/DockerRos/ros2_ws/install/indy_description/share/indy_description//meshes/indy12/collision/Indy12_0.stl
[0.946s] -- Installing: /Users/tjdwo0609/Documents/DockerRos/ros2_ws/install/indy_description/share/indy_description//meshes/indy12/collision/Indy12_1.stl
[0.947s] -- Installing: /Users/tjdwo0609/Documents/DockerRos/ros2_ws/install/indy_description/share/indy_description//rviz_config
[0.947s] -- Installing: /Users/tjdwo0609/Documents/DockerRos/ros2_ws/install/indy_description/share/indy_description//rviz_config/indy.rviz
[0.947s] -- Installing: /Users/tjdwo0609/Documents/DockerRos/ros2_ws/install/indy_description/share/indy_description//urdf
[0.947s] -- Installing: /Users/tjdwo0609/Documents/DockerRos/ros2_ws/install/indy_description/share/indy_description//urdf/generate_all_urdfs.sh
[0.948s] -- Installing: /Users/tjdwo0609/Documents/DockerRos/ros2_ws/install/indy_description/share/indy_description//urdf/indy_common.xacro
[0.948s] -- Installing: /Users/tjdwo0609/Documents/DockerRos/ros2_ws/install/indy_description/share/indy_description//urdf/indy_transmissions.xacro
[0.948s] -- Installing: /Users/tjdwo0609/Documents/DockerRos/ros2_ws/install/indy_description/share/indy_description//urdf/config
[0.948s] -- Installing: /Users/tjdwo0609/Documents/DockerRos/ros2_ws/install/indy_description/share/indy_description//urdf/config/nuri7c
[0.948s] -- Installing: /Users/tjdwo0609/Documents/DockerRos/ros2_ws/install/indy_description/share/indy_description//urdf/config/nuri7c/joint_limits.yaml
[0.949s] -- Installing: /Users/tjdwo0609/Documents/DockerRos/ros2_ws/install/indy_description/share/indy_description//urdf/config/nuri7c/joint_axes.yaml
[0.949s] -- Installing: /Users/tjdwo0609/Documents/DockerRos/ros2_ws/install/indy_description/share/indy_description//urdf/config/nuri7c/kinematics.yaml
[0.949s] -- Installing: /Users/tjdwo0609/Documents/DockerRos/ros2_ws/install/indy_description/share/indy_description//urdf/config/nuri7c/physical_parameters.yaml
[0.949s] -- Installing: /Users/tjdwo0609/Documents/DockerRos/ros2_ws/install/indy_description/share/indy_description//urdf/config/nuri7c/visual_parameters.yaml
[0.950s] -- Installing: /Users/tjdwo0609/Documents/DockerRos/ros2_ws/install/indy_description/share/indy_description//urdf/config/dual_icon3
[0.950s] -- Installing: /Users/tjdwo0609/Documents/DockerRos/ros2_ws/install/indy_description/share/indy_description//urdf/config/dual_icon3/joint_limits.yaml
[0.950s] -- Installing: /Users/tjdwo0609/Documents/DockerRos/ros2_ws/install/indy_description/share/indy_description//urdf/config/dual_icon3/joint_axes.yaml
[0.950s] -- Installing: /Users/tjdwo0609/Documents/DockerRos/ros2_ws/install/indy_description/share/indy_description//urdf/config/dual_icon3/kinematics.yaml
[0.950s] -- Installing: /Users/tjdwo0609/Documents/DockerRos/ros2_ws/install/indy_description/share/indy_description//urdf/config/dual_icon3/physical_parameters.yaml
[0.950s] -- Installing: /Users/tjdwo0609/Documents/DockerRos/ros2_ws/install/indy_description/share/indy_description//urdf/config/dual_icon3/visual_parameters.yaml
[0.951s] -- Installing: /Users/tjdwo0609/Documents/DockerRos/ros2_ws/install/indy_description/share/indy_description//urdf/config/icon7l
[0.951s] -- Installing: /Users/tjdwo0609/Documents/DockerRos/ros2_ws/install/indy_description/share/indy_description//urdf/config/icon7l/joint_limits.yaml
[0.951s] -- Installing: /Users/tjdwo0609/Documents/DockerRos/ros2_ws/install/indy_description/share/indy_description//urdf/config/icon7l/joint_axes.yaml
[0.951s] -- Installing: /Users/tjdwo0609/Documents/DockerRos/ros2_ws/install/indy_description/share/indy_description//urdf/config/icon7l/kinematics.yaml
[0.951s] -- Installing: /Users/tjdwo0609/Documents/DockerRos/ros2_ws/install/indy_description/share/indy_description//urdf/config/icon7l/physical_parameters.yaml
[0.951s] -- Installing: /Users/tjdwo0609/Documents/DockerRos/ros2_ws/install/indy_description/share/indy_description//urdf/config/icon7l/visual_parameters.yaml
[0.952s] -- Installing: /Users/tjdwo0609/Documents/DockerRos/ros2_ws/install/indy_description/share/indy_description//urdf/config/icon3
[0.952s] -- Installing: /Users/tjdwo0609/Documents/DockerRos/ros2_ws/install/indy_description/share/indy_description//urdf/config/icon3/joint_limits.yaml
[0.952s] -- Installing: /Users/tjdwo0609/Documents/DockerRos/ros2_ws/install/indy_description/share/indy_description//urdf/config/icon3/joint_axes.yaml
[0.952s] -- Installing: /Users/tjdwo0609/Documents/DockerRos/ros2_ws/install/indy_description/share/indy_description//urdf/config/icon3/kinematics.yaml
[0.952s] -- Installing: /Users/tjdwo0609/Documents/DockerRos/ros2_ws/install/indy_description/share/indy_description//urdf/config/icon3/physical_parameters.yaml
[0.953s] -- Installing: /Users/tjdwo0609/Documents/DockerRos/ros2_ws/install/indy_description/share/indy_description//urdf/config/icon3/visual_parameters.yaml
[0.953s] -- Installing: /Users/tjdwo0609/Documents/DockerRos/ros2_ws/install/indy_description/share/indy_description//urdf/config/indyrp2
[0.953s] -- Installing: /Users/tjdwo0609/Documents/DockerRos/ros2_ws/install/indy_description/share/indy_description//urdf/config/indyrp2/joint_limits.yaml
[0.953s] -- Installing: /Users/tjdwo0609/Documents/DockerRos/ros2_ws/install/indy_description/share/indy_description//urdf/config/indyrp2/joint_axes.yaml
[0.953s] -- Installing: /Users/tjdwo0609/Documents/DockerRos/ros2_ws/install/indy_description/share/indy_description//urdf/config/indyrp2/kinematics.yaml
[0.954s] -- Installing: /Users/tjdwo0609/Documents/DockerRos/ros2_ws/install/indy_description/share/indy_description//urdf/config/indyrp2/physical_parameters.yaml
[0.954s] -- Installing: /Users/tjdwo0609/Documents/DockerRos/ros2_ws/install/indy_description/share/indy_description//urdf/config/indyrp2/visual_parameters.yaml
[0.954s] -- Installing: /Users/tjdwo0609/Documents/DockerRos/ros2_ws/install/indy_description/share/indy_description//urdf/config/indy7
[0.954s] -- Installing: /Users/tjdwo0609/Documents/DockerRos/ros2_ws/install/indy_description/share/indy_description//urdf/config/indy7/joint_limits.yaml
[0.954s] -- Installing: /Users/tjdwo0609/Documents/DockerRos/ros2_ws/install/indy_description/share/indy_description//urdf/config/indy7/joint_axes.yaml
[0.954s] -- Installing: /Users/tjdwo0609/Documents/DockerRos/ros2_ws/install/indy_description/share/indy_description//urdf/config/indy7/kinematics.yaml
[0.955s] -- Installing: /Users/tjdwo0609/Documents/DockerRos/ros2_ws/install/indy_description/share/indy_description//urdf/config/indy7/physical_parameters.yaml
[0.955s] -- Installing: /Users/tjdwo0609/Documents/DockerRos/ros2_ws/install/indy_description/share/indy_description//urdf/config/indy7/visual_parameters.yaml
[0.955s] -- Installing: /Users/tjdwo0609/Documents/DockerRos/ros2_ws/install/indy_description/share/indy_description//urdf/config/indy12_v2
[0.955s] -- Installing: /Users/tjdwo0609/Documents/DockerRos/ros2_ws/install/indy_description/share/indy_description//urdf/config/indy12_v2/joint_limits.yaml
[0.956s] -- Installing: /Users/tjdwo0609/Documents/DockerRos/ros2_ws/install/indy_description/share/indy_description//urdf/config/indy12_v2/joint_axes.yaml
[0.956s] -- Installing: /Users/tjdwo0609/Documents/DockerRos/ros2_ws/install/indy_description/share/indy_description//urdf/config/indy12_v2/kinematics.yaml
[0.956s] -- Installing: /Users/tjdwo0609/Documents/DockerRos/ros2_ws/install/indy_description/share/indy_description//urdf/config/indy12_v2/physical_parameters.yaml
[0.956s] -- Installing: /Users/tjdwo0609/Documents/DockerRos/ros2_ws/install/indy_description/share/indy_description//urdf/config/indy12_v2/visual_parameters.yaml
[0.957s] -- Installing: /Users/tjdwo0609/Documents/DockerRos/ros2_ws/install/indy_description/share/indy_description//urdf/config/opti5
[0.957s] -- Installing: /Users/tjdwo0609/Documents/DockerRos/ros2_ws/install/indy_description/share/indy_description//urdf/config/opti5/joint_limits.yaml
[0.957s] -- Installing: /Users/tjdwo0609/Documents/DockerRos/ros2_ws/install/indy_description/share/indy_description//urdf/config/opti5/joint_axes.yaml
[0.957s] -- Installing: /Users/tjdwo0609/Documents/DockerRos/ros2_ws/install/indy_description/share/indy_description//urdf/config/opti5/kinematics.yaml
[0.958s] -- Installing: /Users/tjdwo0609/Documents/DockerRos/ros2_ws/install/indy_description/share/indy_description//urdf/config/opti5/physical_parameters.yaml
[0.958s] -- Installing: /Users/tjdwo0609/Documents/DockerRos/ros2_ws/install/indy_description/share/indy_description//urdf/config/opti5/visual_parameters.yaml
[0.958s] -- Installing: /Users/tjdwo0609/Documents/DockerRos/ros2_ws/install/indy_description/share/indy_description//urdf/config/nuri20c
[0.958s] -- Installing: /Users/tjdwo0609/Documents/DockerRos/ros2_ws/install/indy_description/share/indy_description//urdf/config/nuri20c/joint_limits.yaml
[0.958s] -- Installing: /Users/tjdwo0609/Documents/DockerRos/ros2_ws/install/indy_description/share/indy_description//urdf/config/nuri20c/joint_axes.yaml
[0.959s] -- Installing: /Users/tjdwo0609/Documents/DockerRos/ros2_ws/install/indy_description/share/indy_description//urdf/config/nuri20c/kinematics.yaml
[0.959s] -- Installing: /Users/tjdwo0609/Documents/DockerRos/ros2_ws/install/indy_description/share/indy_description//urdf/config/nuri20c/physical_parameters.yaml
[0.959s] -- Installing: /Users/tjdwo0609/Documents/DockerRos/ros2_ws/install/indy_description/share/indy_description//urdf/config/nuri20c/visual_parameters.yaml
[0.959s] -- Installing: /Users/tjdwo0609/Documents/DockerRos/ros2_ws/install/indy_description/share/indy_description//urdf/config/nuri4s
[0.959s] -- Installing: /Users/tjdwo0609/Documents/DockerRos/ros2_ws/install/indy_description/share/indy_description//urdf/config/nuri4s/joint_limits.yaml
[0.959s] -- Installing: /Users/tjdwo0609/Documents/DockerRos/ros2_ws/install/indy_description/share/indy_description//urdf/config/nuri4s/joint_axes.yaml
[0.960s] -- Installing: /Users/tjdwo0609/Documents/DockerRos/ros2_ws/install/indy_description/share/indy_description//urdf/config/nuri4s/kinematics.yaml
[0.960s] -- Installing: /Users/tjdwo0609/Documents/DockerRos/ros2_ws/install/indy_description/share/indy_description//urdf/config/nuri4s/physical_parameters.yaml
[0.960s] -- Installing: /Users/tjdwo0609/Documents/DockerRos/ros2_ws/install/indy_description/share/indy_description//urdf/config/nuri4s/visual_parameters.yaml
[0.960s] -- Installing: /Users/tjdwo0609/Documents/DockerRos/ros2_ws/install/indy_description/share/indy_description//urdf/config/indyrp2_v2
[0.960s] -- Installing: /Users/tjdwo0609/Documents/DockerRos/ros2_ws/install/indy_description/share/indy_description//urdf/config/indyrp2_v2/joint_limits.yaml
[0.960s] -- Installing: /Users/tjdwo0609/Documents/DockerRos/ros2_ws/install/indy_description/share/indy_description//urdf/config/indyrp2_v2/joint_axes.yaml
[0.961s] -- Installing: /Users/tjdwo0609/Documents/DockerRos/ros2_ws/install/indy_description/share/indy_description//urdf/config/indyrp2_v2/kinematics.yaml
[0.961s] -- Installing: /Users/tjdwo0609/Documents/DockerRos/ros2_ws/install/indy_description/share/indy_description//urdf/config/indyrp2_v2/physical_parameters.yaml
[0.961s] -- Installing: /Users/tjdwo0609/Documents/DockerRos/ros2_ws/install/indy_description/share/indy_description//urdf/config/indyrp2_v2/visual_parameters.yaml
[0.961s] -- Installing: /Users/tjdwo0609/Documents/DockerRos/ros2_ws/install/indy_description/share/indy_description//urdf/config/indy7_v2
[0.961s] -- Installing: /Users/tjdwo0609/Documents/DockerRos/ros2_ws/install/indy_description/share/indy_description//urdf/config/indy7_v2/joint_limits.yaml
[0.962s] -- Installing: /Users/tjdwo0609/Documents/DockerRos/ros2_ws/install/indy_description/share/indy_description//urdf/config/indy7_v2/joint_axes.yaml
[0.962s] -- Installing: /Users/tjdwo0609/Documents/DockerRos/ros2_ws/install/indy_description/share/indy_description//urdf/config/indy7_v2/kinematics.yaml
[0.962s] -- Installing: /Users/tjdwo0609/Documents/DockerRos/ros2_ws/install/indy_description/share/indy_description//urdf/config/indy7_v2/physical_parameters.yaml
[0.963s] -- Installing: /Users/tjdwo0609/Documents/DockerRos/ros2_ws/install/indy_description/share/indy_description//urdf/config/indy7_v2/visual_parameters.yaml
[0.963s] -- Installing: /Users/tjdwo0609/Documents/DockerRos/ros2_ws/install/indy_description/share/indy_description//urdf/config/nuri30s
[0.963s] -- Installing: /Users/tjdwo0609/Documents/DockerRos/ros2_ws/install/indy_description/share/indy_description//urdf/config/nuri30s/joint_limits.yaml
[0.964s] -- Installing: /Users/tjdwo0609/Documents/DockerRos/ros2_ws/install/indy_description/share/indy_description//urdf/config/nuri30s/joint_axes.yaml
[0.964s] -- Installing: /Users/tjdwo0609/Documents/DockerRos/ros2_ws/install/indy_description/share/indy_description//urdf/config/nuri30s/kinematics.yaml
[0.964s] -- Installing: /Users/tjdwo0609/Documents/DockerRos/ros2_ws/install/indy_description/share/indy_description//urdf/config/nuri30s/physical_parameters.yaml
[0.965s] -- Installing: /Users/tjdwo0609/Documents/DockerRos/ros2_ws/install/indy_description/share/indy_description//urdf/config/nuri30s/visual_parameters.yaml
[0.965s] -- Installing: /Users/tjdwo0609/Documents/DockerRos/ros2_ws/install/indy_description/share/indy_description//urdf/config/indy7_v3
[0.965s] -- Installing: /Users/tjdwo0609/Documents/DockerRos/ros2_ws/install/indy_description/share/indy_description//urdf/config/indy7_v3/joint_limits.yaml
[0.965s] -- Installing: /Users/tjdwo0609/Documents/DockerRos/ros2_ws/install/indy_description/share/indy_description//urdf/config/indy7_v3/joint_axes.yaml
[0.966s] -- Installing: /Users/tjdwo0609/Documents/DockerRos/ros2_ws/install/indy_description/share/indy_description//urdf/config/indy7_v3/kinematics.yaml
[0.966s] -- Installing: /Users/tjdwo0609/Documents/DockerRos/ros2_ws/install/indy_description/share/indy_description//urdf/config/indy7_v3/physical_parameters.yaml
[0.966s] -- Installing: /Users/tjdwo0609/Documents/DockerRos/ros2_ws/install/indy_description/share/indy_description//urdf/config/indy7_v3/visual_parameters.yaml
[0.966s] -- Installing: /Users/tjdwo0609/Documents/DockerRos/ros2_ws/install/indy_description/share/indy_description//urdf/config/nuri3s
[0.966s] -- Installing: /Users/tjdwo0609/Documents/DockerRos/ros2_ws/install/indy_description/share/indy_description//urdf/config/nuri3s/joint_limits.yaml
[0.967s] -- Installing: /Users/tjdwo0609/Documents/DockerRos/ros2_ws/install/indy_description/share/indy_description//urdf/config/nuri3s/joint_axes.yaml
[0.967s] -- Installing: /Users/tjdwo0609/Documents/DockerRos/ros2_ws/install/indy_description/share/indy_description//urdf/config/nuri3s/kinematics.yaml
[0.967s] -- Installing: /Users/tjdwo0609/Documents/DockerRos/ros2_ws/install/indy_description/share/indy_description//urdf/config/nuri3s/physical_parameters.yaml
[0.967s] -- Installing: /Users/tjdwo0609/Documents/DockerRos/ros2_ws/install/indy_description/share/indy_description//urdf/config/nuri3s/visual_parameters.yaml
[0.967s] -- Installing: /Users/tjdwo0609/Documents/DockerRos/ros2_ws/install/indy_description/share/indy_description//urdf/config/initial_positions.yaml
[0.967s] -- Installing: /Users/tjdwo0609/Documents/DockerRos/ros2_ws/install/indy_description/share/indy_description//urdf/config/indy12
[0.968s] -- Installing: /Users/tjdwo0609/Documents/DockerRos/ros2_ws/install/indy_description/share/indy_description//urdf/config/indy12/joint_limits.yaml
[0.968s] -- Installing: /Users/tjdwo0609/Documents/DockerRos/ros2_ws/install/indy_description/share/indy_description//urdf/config/indy12/joint_axes.yaml
[0.968s] -- Installing: /Users/tjdwo0609/Documents/DockerRos/ros2_ws/install/indy_description/share/indy_description//urdf/config/indy12/kinematics.yaml
[0.968s] -- Installing: /Users/tjdwo0609/Documents/DockerRos/ros2_ws/install/indy_description/share/indy_description//urdf/config/indy12/physical_parameters.yaml
[0.968s] -- Installing: /Users/tjdwo0609/Documents/DockerRos/ros2_ws/install/indy_description/share/indy_description//urdf/config/indy12/visual_parameters.yaml
[0.968s] -- Installing: /Users/tjdwo0609/Documents/DockerRos/ros2_ws/install/indy_description/share/indy_description//urdf/indy.ros2_control.xacro
[0.969s] -- Installing: /Users/tjdwo0609/Documents/DockerRos/ros2_ws/install/indy_description/share/indy_description//urdf/indy_macro.xacro
[0.969s] -- Installing: /Users/tjdwo0609/Documents/DockerRos/ros2_ws/install/indy_description/share/indy_description//urdf/materials.xacro
[0.969s] -- Installing: /Users/tjdwo0609/Documents/DockerRos/ros2_ws/install/indy_description/share/indy_description//urdf/indy.urdf.xacro
[0.969s] -- Installing: /Users/tjdwo0609/Documents/DockerRos/ros2_ws/install/indy_description/share/ament_index/resource_index/package_run_dependencies/indy_description
[0.970s] -- Installing: /Users/tjdwo0609/Documents/DockerRos/ros2_ws/install/indy_description/share/ament_index/resource_index/parent_prefix_path/indy_description
[0.970s] -- Installing: /Users/tjdwo0609/Documents/DockerRos/ros2_ws/install/indy_description/share/indy_description/environment/ament_prefix_path.sh
[0.970s] -- Installing: /Users/tjdwo0609/Documents/DockerRos/ros2_ws/install/indy_description/share/indy_description/environment/ament_prefix_path.dsv
[0.970s] -- Installing: /Users/tjdwo0609/Documents/DockerRos/ros2_ws/install/indy_description/share/indy_description/environment/path.sh
[0.971s] -- Installing: /Users/tjdwo0609/Documents/DockerRos/ros2_ws/install/indy_description/share/indy_description/environment/path.dsv
[0.971s] -- Installing: /Users/tjdwo0609/Documents/DockerRos/ros2_ws/install/indy_description/share/indy_description/local_setup.bash
[0.971s] -- Installing: /Users/tjdwo0609/Documents/DockerRos/ros2_ws/install/indy_description/share/indy_description/local_setup.sh
[0.972s] -- Installing: /Users/tjdwo0609/Documents/DockerRos/ros2_ws/install/indy_description/share/indy_description/local_setup.zsh
[0.972s] -- Installing: /Users/tjdwo0609/Documents/DockerRos/ros2_ws/install/indy_description/share/indy_description/local_setup.dsv
[0.972s] -- Installing: /Users/tjdwo0609/Documents/DockerRos/ros2_ws/install/indy_description/share/indy_description/package.dsv
[0.972s] -- Installing: /Users/tjdwo0609/Documents/DockerRos/ros2_ws/install/indy_description/share/ament_index/resource_index/packages/indy_description
[0.973s] -- Installing: /Users/tjdwo0609/Documents/DockerRos/ros2_ws/install/indy_description/share/indy_description/cmake/indy_descriptionConfig.cmake
[0.973s] -- Installing: /Users/tjdwo0609/Documents/DockerRos/ros2_ws/install/indy_description/share/indy_description/cmake/indy_descriptionConfig-version.cmake
[0.973s] -- Installing: /Users/tjdwo0609/Documents/DockerRos/ros2_ws/install/indy_description/share/indy_description/package.xml
[0.975s] Invoked command in '/Users/tjdwo0609/Documents/DockerRos/ros2_ws/build/indy_description' returned '0': CONDA_PROMPT_MODIFIER=(ros2_humble) SHLVL=2 _=/usr/bin/env /opt/homebrew/bin/cmake --install /Users/tjdwo0609/Documents/DockerRos/ros2_ws/build/indy_description
