[0.120s] colcon DEBUG Command line arguments: ['/opt/homebrew/Caskroom/miniforge/base/envs/ros2_humble/bin/colcon', 'build', '--packages-select', 'indy_description']
[0.120s] colcon DEBUG Parsed command line arguments: Namespace(log_base=None, log_level=None, verb_name='build', build_base='build', install_base='install', merge_install=False, symlink_install=False, test_result_base=None, continue_on_error=False, executor='parallel', parallel_workers=16, event_handlers=None, ignore_user_meta=False, metas=['./colcon.meta'], base_paths=['.'], packages_ignore=None, packages_ignore_regex=None, paths=None, packages_up_to=None, packages_up_to_regex=None, packages_above=None, packages_above_and_dependencies=None, packages_above_depth=None, packages_select_by_dep=None, packages_skip_by_dep=None, packages_skip_up_to=None, packages_select_build_failed=False, packages_skip_build_finished=False, packages_select_test_failures=False, packages_skip_test_passed=False, packages_select=['indy_description'], packages_skip=None, packages_select_regex=None, packages_skip_regex=None, packages_start=None, packages_end=None, cmake_args=None, cmake_target=None, cmake_target_skip_unavailable=False, cmake_clean_cache=False, cmake_clean_first=False, cmake_force_configure=False, ament_cmake_args=None, catkin_cmake_args=None, catkin_skip_building_tests=False, verb_parser=<colcon_defaults.argument_parser.defaults.DefaultArgumentsDecorator object at 0x106881490>, verb_extension=<colcon_core.verb.build.BuildVerb object at 0x106880d90>, main=<bound method BuildVerb.main of <colcon_core.verb.build.BuildVerb object at 0x106880d90>>)
[0.140s] colcon.colcon_core.package_discovery Level 1 discover_packages(colcon_meta) check parameters
[0.140s] colcon.colcon_core.package_discovery Level 1 discover_packages(recursive) check parameters
[0.140s] colcon.colcon_core.package_discovery Level 1 discover_packages(ignore) check parameters
[0.140s] colcon.colcon_core.package_discovery Level 1 discover_packages(path) check parameters
[0.140s] colcon.colcon_core.package_discovery Level 1 discover_packages(colcon_meta) discover
[0.140s] colcon.colcon_core.package_discovery Level 1 discover_packages(recursive) discover
[0.140s] colcon.colcon_core.package_discovery INFO Crawling recursively for packages in '/Users/tjdwo0609/Documents/DockerRos/ros2_ws'
[0.140s] colcon.colcon_core.package_identification Level 1 _identify(.) by extensions ['ignore', 'ignore_ament_install']
[0.140s] colcon.colcon_core.package_identification Level 1 _identify(.) by extension 'ignore'
[0.140s] colcon.colcon_core.package_identification Level 1 _identify(.) by extension 'ignore_ament_install'
[0.140s] colcon.colcon_core.package_identification Level 1 _identify(.) by extensions ['colcon_pkg']
[0.140s] colcon.colcon_core.package_identification Level 1 _identify(.) by extension 'colcon_pkg'
[0.140s] colcon.colcon_core.package_identification Level 1 _identify(.) by extensions ['colcon_meta']
[0.140s] colcon.colcon_core.package_identification Level 1 _identify(.) by extension 'colcon_meta'
[0.140s] colcon.colcon_core.package_identification Level 1 _identify(.) by extensions ['ros']
[0.140s] colcon.colcon_core.package_identification Level 1 _identify(.) by extension 'ros'
[0.156s] colcon.colcon_core.package_identification Level 1 _identify(.) by extensions ['cmake', 'python']
[0.156s] colcon.colcon_core.package_identification Level 1 _identify(.) by extension 'cmake'
[0.156s] colcon.colcon_core.package_identification Level 1 _identify(.) by extension 'python'
[0.156s] colcon.colcon_core.package_identification Level 1 _identify(.) by extensions ['python_setup_py']
[0.156s] colcon.colcon_core.package_identification Level 1 _identify(.) by extension 'python_setup_py'
[0.156s] colcon.colcon_core.package_identification Level 1 _identify(build) by extensions ['ignore', 'ignore_ament_install']
[0.156s] colcon.colcon_core.package_identification Level 1 _identify(build) by extension 'ignore'
[0.156s] colcon.colcon_core.package_identification Level 1 _identify(build) ignored
[0.156s] colcon.colcon_core.package_identification Level 1 _identify(install) by extensions ['ignore', 'ignore_ament_install']
[0.156s] colcon.colcon_core.package_identification Level 1 _identify(install) by extension 'ignore'
[0.156s] colcon.colcon_core.package_identification Level 1 _identify(install) ignored
[0.156s] colcon.colcon_core.package_identification Level 1 _identify(log) by extensions ['ignore', 'ignore_ament_install']
[0.156s] colcon.colcon_core.package_identification Level 1 _identify(log) by extension 'ignore'
[0.156s] colcon.colcon_core.package_identification Level 1 _identify(log) ignored
[0.156s] colcon.colcon_core.package_identification Level 1 _identify(src) by extensions ['ignore', 'ignore_ament_install']
[0.157s] colcon.colcon_core.package_identification Level 1 _identify(src) by extension 'ignore'
[0.157s] colcon.colcon_core.package_identification Level 1 _identify(src) by extension 'ignore_ament_install'
[0.157s] colcon.colcon_core.package_identification Level 1 _identify(src) by extensions ['colcon_pkg']
[0.157s] colcon.colcon_core.package_identification Level 1 _identify(src) by extension 'colcon_pkg'
[0.157s] colcon.colcon_core.package_identification Level 1 _identify(src) by extensions ['colcon_meta']
[0.157s] colcon.colcon_core.package_identification Level 1 _identify(src) by extension 'colcon_meta'
[0.157s] colcon.colcon_core.package_identification Level 1 _identify(src) by extensions ['ros']
[0.157s] colcon.colcon_core.package_identification Level 1 _identify(src) by extension 'ros'
[0.157s] colcon.colcon_core.package_identification Level 1 _identify(src) by extensions ['cmake', 'python']
[0.157s] colcon.colcon_core.package_identification Level 1 _identify(src) by extension 'cmake'
[0.157s] colcon.colcon_core.package_identification Level 1 _identify(src) by extension 'python'
[0.157s] colcon.colcon_core.package_identification Level 1 _identify(src) by extensions ['python_setup_py']
[0.157s] colcon.colcon_core.package_identification Level 1 _identify(src) by extension 'python_setup_py'
[0.157s] colcon.colcon_core.package_identification Level 1 _identify(src/hello_ros2) by extensions ['ignore', 'ignore_ament_install']
[0.157s] colcon.colcon_core.package_identification Level 1 _identify(src/hello_ros2) by extension 'ignore'
[0.157s] colcon.colcon_core.package_identification Level 1 _identify(src/hello_ros2) by extension 'ignore_ament_install'
[0.157s] colcon.colcon_core.package_identification Level 1 _identify(src/hello_ros2) by extensions ['colcon_pkg']
[0.157s] colcon.colcon_core.package_identification Level 1 _identify(src/hello_ros2) by extension 'colcon_pkg'
[0.157s] colcon.colcon_core.package_identification Level 1 _identify(src/hello_ros2) by extensions ['colcon_meta']
[0.157s] colcon.colcon_core.package_identification Level 1 _identify(src/hello_ros2) by extension 'colcon_meta'
[0.157s] colcon.colcon_core.package_identification Level 1 _identify(src/hello_ros2) by extensions ['ros']
[0.157s] colcon.colcon_core.package_identification Level 1 _identify(src/hello_ros2) by extension 'ros'
[0.158s] colcon.colcon_core.package_identification DEBUG Package 'src/hello_ros2' with type 'ros.ament_python' and name 'hello_ros2'
[0.158s] colcon.colcon_core.package_identification Level 1 _identify(src/indy-ros2) by extensions ['ignore', 'ignore_ament_install']
[0.158s] colcon.colcon_core.package_identification Level 1 _identify(src/indy-ros2) by extension 'ignore'
[0.158s] colcon.colcon_core.package_identification Level 1 _identify(src/indy-ros2) by extension 'ignore_ament_install'
[0.158s] colcon.colcon_core.package_identification Level 1 _identify(src/indy-ros2) by extensions ['colcon_pkg']
[0.158s] colcon.colcon_core.package_identification Level 1 _identify(src/indy-ros2) by extension 'colcon_pkg'
[0.158s] colcon.colcon_core.package_identification Level 1 _identify(src/indy-ros2) by extensions ['colcon_meta']
[0.158s] colcon.colcon_core.package_identification Level 1 _identify(src/indy-ros2) by extension 'colcon_meta'
[0.158s] colcon.colcon_core.package_identification Level 1 _identify(src/indy-ros2) by extensions ['ros']
[0.158s] colcon.colcon_core.package_identification Level 1 _identify(src/indy-ros2) by extension 'ros'
[0.158s] colcon.colcon_core.package_identification Level 1 _identify(src/indy-ros2) by extensions ['cmake', 'python']
[0.158s] colcon.colcon_core.package_identification Level 1 _identify(src/indy-ros2) by extension 'cmake'
[0.158s] colcon.colcon_core.package_identification Level 1 _identify(src/indy-ros2) by extension 'python'
[0.158s] colcon.colcon_core.package_identification Level 1 _identify(src/indy-ros2) by extensions ['python_setup_py']
[0.158s] colcon.colcon_core.package_identification Level 1 _identify(src/indy-ros2) by extension 'python_setup_py'
[0.158s] colcon.colcon_core.package_identification Level 1 _identify(src/indy-ros2/docker) by extensions ['ignore', 'ignore_ament_install']
[0.158s] colcon.colcon_core.package_identification Level 1 _identify(src/indy-ros2/docker) by extension 'ignore'
[0.158s] colcon.colcon_core.package_identification Level 1 _identify(src/indy-ros2/docker) by extension 'ignore_ament_install'
[0.158s] colcon.colcon_core.package_identification Level 1 _identify(src/indy-ros2/docker) by extensions ['colcon_pkg']
[0.158s] colcon.colcon_core.package_identification Level 1 _identify(src/indy-ros2/docker) by extension 'colcon_pkg'
[0.158s] colcon.colcon_core.package_identification Level 1 _identify(src/indy-ros2/docker) by extensions ['colcon_meta']
[0.158s] colcon.colcon_core.package_identification Level 1 _identify(src/indy-ros2/docker) by extension 'colcon_meta'
[0.158s] colcon.colcon_core.package_identification Level 1 _identify(src/indy-ros2/docker) by extensions ['ros']
[0.158s] colcon.colcon_core.package_identification Level 1 _identify(src/indy-ros2/docker) by extension 'ros'
[0.158s] colcon.colcon_core.package_identification Level 1 _identify(src/indy-ros2/docker) by extensions ['cmake', 'python']
[0.158s] colcon.colcon_core.package_identification Level 1 _identify(src/indy-ros2/docker) by extension 'cmake'
[0.158s] colcon.colcon_core.package_identification Level 1 _identify(src/indy-ros2/docker) by extension 'python'
[0.158s] colcon.colcon_core.package_identification Level 1 _identify(src/indy-ros2/docker) by extensions ['python_setup_py']
[0.158s] colcon.colcon_core.package_identification Level 1 _identify(src/indy-ros2/docker) by extension 'python_setup_py'
[0.158s] colcon.colcon_core.package_identification Level 1 _identify(src/indy-ros2/indy_description) by extensions ['ignore', 'ignore_ament_install']
[0.158s] colcon.colcon_core.package_identification Level 1 _identify(src/indy-ros2/indy_description) by extension 'ignore'
[0.158s] colcon.colcon_core.package_identification Level 1 _identify(src/indy-ros2/indy_description) by extension 'ignore_ament_install'
[0.158s] colcon.colcon_core.package_identification Level 1 _identify(src/indy-ros2/indy_description) by extensions ['colcon_pkg']
[0.158s] colcon.colcon_core.package_identification Level 1 _identify(src/indy-ros2/indy_description) by extension 'colcon_pkg'
[0.159s] colcon.colcon_core.package_identification Level 1 _identify(src/indy-ros2/indy_description) by extensions ['colcon_meta']
[0.159s] colcon.colcon_core.package_identification Level 1 _identify(src/indy-ros2/indy_description) by extension 'colcon_meta'
[0.159s] colcon.colcon_core.package_identification Level 1 _identify(src/indy-ros2/indy_description) by extensions ['ros']
[0.159s] colcon.colcon_core.package_identification Level 1 _identify(src/indy-ros2/indy_description) by extension 'ros'
[0.159s] colcon.colcon_core.package_identification DEBUG Package 'src/indy-ros2/indy_description' with type 'ros.ament_cmake' and name 'indy_description'
[0.159s] colcon.colcon_core.package_identification Level 1 _identify(src/indy-ros2/indy_driver) by extensions ['ignore', 'ignore_ament_install']
[0.159s] colcon.colcon_core.package_identification Level 1 _identify(src/indy-ros2/indy_driver) by extension 'ignore'
[0.159s] colcon.colcon_core.package_identification Level 1 _identify(src/indy-ros2/indy_driver) by extension 'ignore_ament_install'
[0.159s] colcon.colcon_core.package_identification Level 1 _identify(src/indy-ros2/indy_driver) by extensions ['colcon_pkg']
[0.159s] colcon.colcon_core.package_identification Level 1 _identify(src/indy-ros2/indy_driver) by extension 'colcon_pkg'
[0.159s] colcon.colcon_core.package_identification Level 1 _identify(src/indy-ros2/indy_driver) by extensions ['colcon_meta']
[0.159s] colcon.colcon_core.package_identification Level 1 _identify(src/indy-ros2/indy_driver) by extension 'colcon_meta'
[0.159s] colcon.colcon_core.package_identification Level 1 _identify(src/indy-ros2/indy_driver) by extensions ['ros']
[0.159s] colcon.colcon_core.package_identification Level 1 _identify(src/indy-ros2/indy_driver) by extension 'ros'
[0.160s] colcon.colcon_core.package_identification DEBUG Package 'src/indy-ros2/indy_driver' with type 'ros.ament_cmake' and name 'indy_driver'
[0.160s] colcon.colcon_core.package_identification Level 1 _identify(src/indy-ros2/indy_gazebo) by extensions ['ignore', 'ignore_ament_install']
[0.160s] colcon.colcon_core.package_identification Level 1 _identify(src/indy-ros2/indy_gazebo) by extension 'ignore'
[0.160s] colcon.colcon_core.package_identification Level 1 _identify(src/indy-ros2/indy_gazebo) by extension 'ignore_ament_install'
[0.160s] colcon.colcon_core.package_identification Level 1 _identify(src/indy-ros2/indy_gazebo) by extensions ['colcon_pkg']
[0.160s] colcon.colcon_core.package_identification Level 1 _identify(src/indy-ros2/indy_gazebo) by extension 'colcon_pkg'
[0.160s] colcon.colcon_core.package_identification Level 1 _identify(src/indy-ros2/indy_gazebo) by extensions ['colcon_meta']
[0.160s] colcon.colcon_core.package_identification Level 1 _identify(src/indy-ros2/indy_gazebo) by extension 'colcon_meta'
[0.160s] colcon.colcon_core.package_identification Level 1 _identify(src/indy-ros2/indy_gazebo) by extensions ['ros']
[0.160s] colcon.colcon_core.package_identification Level 1 _identify(src/indy-ros2/indy_gazebo) by extension 'ros'
[0.160s] colcon.colcon_core.package_identification DEBUG Package 'src/indy-ros2/indy_gazebo' with type 'ros.ament_cmake' and name 'indy_gazebo'
[0.160s] colcon.colcon_core.package_identification Level 1 _identify(src/indy-ros2/indy_interfaces) by extensions ['ignore', 'ignore_ament_install']
[0.160s] colcon.colcon_core.package_identification Level 1 _identify(src/indy-ros2/indy_interfaces) by extension 'ignore'
[0.160s] colcon.colcon_core.package_identification Level 1 _identify(src/indy-ros2/indy_interfaces) by extension 'ignore_ament_install'
[0.160s] colcon.colcon_core.package_identification Level 1 _identify(src/indy-ros2/indy_interfaces) by extensions ['colcon_pkg']
[0.160s] colcon.colcon_core.package_identification Level 1 _identify(src/indy-ros2/indy_interfaces) by extension 'colcon_pkg'
[0.160s] colcon.colcon_core.package_identification Level 1 _identify(src/indy-ros2/indy_interfaces) by extensions ['colcon_meta']
[0.160s] colcon.colcon_core.package_identification Level 1 _identify(src/indy-ros2/indy_interfaces) by extension 'colcon_meta'
[0.160s] colcon.colcon_core.package_identification Level 1 _identify(src/indy-ros2/indy_interfaces) by extensions ['ros']
[0.160s] colcon.colcon_core.package_identification Level 1 _identify(src/indy-ros2/indy_interfaces) by extension 'ros'
[0.161s] colcon.colcon_core.package_identification DEBUG Package 'src/indy-ros2/indy_interfaces' with type 'ros.ament_cmake' and name 'indy_interfaces'
[0.161s] colcon.colcon_core.package_identification Level 1 _identify(src/indy-ros2/indy_moveit) by extensions ['ignore', 'ignore_ament_install']
[0.161s] colcon.colcon_core.package_identification Level 1 _identify(src/indy-ros2/indy_moveit) by extension 'ignore'
[0.161s] colcon.colcon_core.package_identification Level 1 _identify(src/indy-ros2/indy_moveit) by extension 'ignore_ament_install'
[0.161s] colcon.colcon_core.package_identification Level 1 _identify(src/indy-ros2/indy_moveit) by extensions ['colcon_pkg']
[0.161s] colcon.colcon_core.package_identification Level 1 _identify(src/indy-ros2/indy_moveit) by extension 'colcon_pkg'
[0.161s] colcon.colcon_core.package_identification Level 1 _identify(src/indy-ros2/indy_moveit) by extensions ['colcon_meta']
[0.161s] colcon.colcon_core.package_identification Level 1 _identify(src/indy-ros2/indy_moveit) by extension 'colcon_meta'
[0.161s] colcon.colcon_core.package_identification Level 1 _identify(src/indy-ros2/indy_moveit) by extensions ['ros']
[0.161s] colcon.colcon_core.package_identification Level 1 _identify(src/indy-ros2/indy_moveit) by extension 'ros'
[0.161s] colcon.colcon_core.package_identification DEBUG Package 'src/indy-ros2/indy_moveit' with type 'ros.ament_cmake' and name 'indy_moveit'
[0.161s] colcon.colcon_core.package_identification Level 1 _identify(src/robot_viewer) by extensions ['ignore', 'ignore_ament_install']
[0.161s] colcon.colcon_core.package_identification Level 1 _identify(src/robot_viewer) by extension 'ignore'
[0.161s] colcon.colcon_core.package_identification Level 1 _identify(src/robot_viewer) by extension 'ignore_ament_install'
[0.161s] colcon.colcon_core.package_identification Level 1 _identify(src/robot_viewer) by extensions ['colcon_pkg']
[0.161s] colcon.colcon_core.package_identification Level 1 _identify(src/robot_viewer) by extension 'colcon_pkg'
[0.161s] colcon.colcon_core.package_identification Level 1 _identify(src/robot_viewer) by extensions ['colcon_meta']
[0.161s] colcon.colcon_core.package_identification Level 1 _identify(src/robot_viewer) by extension 'colcon_meta'
[0.162s] colcon.colcon_core.package_identification Level 1 _identify(src/robot_viewer) by extensions ['ros']
[0.162s] colcon.colcon_core.package_identification Level 1 _identify(src/robot_viewer) by extension 'ros'
[0.162s] colcon.colcon_core.package_identification DEBUG Package 'src/robot_viewer' with type 'ros.ament_cmake' and name 'robot_viewer'
[0.162s] colcon.colcon_core.package_discovery Level 1 discover_packages(recursive) using defaults
[0.162s] colcon.colcon_core.package_discovery Level 1 discover_packages(ignore) discover
[0.162s] colcon.colcon_core.package_discovery Level 1 discover_packages(ignore) using defaults
[0.162s] colcon.colcon_core.package_discovery Level 1 discover_packages(path) discover
[0.162s] colcon.colcon_core.package_discovery Level 1 discover_packages(path) using defaults
[0.170s] colcon.colcon_core.package_selection INFO Skipping not selected package 'hello_ros2' in 'src/hello_ros2'
[0.170s] colcon.colcon_core.package_selection INFO Skipping not selected package 'indy_interfaces' in 'src/indy-ros2/indy_interfaces'
[0.170s] colcon.colcon_core.package_selection INFO Skipping not selected package 'robot_viewer' in 'src/robot_viewer'
[0.170s] colcon.colcon_core.package_selection INFO Skipping not selected package 'indy_driver' in 'src/indy-ros2/indy_driver'
[0.170s] colcon.colcon_core.package_selection INFO Skipping not selected package 'indy_gazebo' in 'src/indy-ros2/indy_gazebo'
[0.170s] colcon.colcon_core.package_selection INFO Skipping not selected package 'indy_moveit' in 'src/indy-ros2/indy_moveit'
[0.171s] colcon.colcon_core.verb Level 5 set package 'indy_description' build argument 'cmake_args' from command line to 'None'
[0.171s] colcon.colcon_core.verb Level 5 set package 'indy_description' build argument 'cmake_target' from command line to 'None'
[0.171s] colcon.colcon_core.verb Level 5 set package 'indy_description' build argument 'cmake_target_skip_unavailable' from command line to 'False'
[0.171s] colcon.colcon_core.verb Level 5 set package 'indy_description' build argument 'cmake_clean_cache' from command line to 'False'
[0.171s] colcon.colcon_core.verb Level 5 set package 'indy_description' build argument 'cmake_clean_first' from command line to 'False'
[0.171s] colcon.colcon_core.verb Level 5 set package 'indy_description' build argument 'cmake_force_configure' from command line to 'False'
[0.171s] colcon.colcon_core.verb Level 5 set package 'indy_description' build argument 'ament_cmake_args' from command line to 'None'
[0.171s] colcon.colcon_core.verb Level 5 set package 'indy_description' build argument 'catkin_cmake_args' from command line to 'None'
[0.171s] colcon.colcon_core.verb Level 5 set package 'indy_description' build argument 'catkin_skip_building_tests' from command line to 'False'
[0.171s] colcon.colcon_core.verb DEBUG Building package 'indy_description' with the following arguments: {'ament_cmake_args': None, 'build_base': '/Users/tjdwo0609/Documents/DockerRos/ros2_ws/build/indy_description', 'catkin_cmake_args': None, 'catkin_skip_building_tests': False, 'cmake_args': None, 'cmake_clean_cache': False, 'cmake_clean_first': False, 'cmake_force_configure': False, 'cmake_target': None, 'cmake_target_skip_unavailable': False, 'install_base': '/Users/tjdwo0609/Documents/DockerRos/ros2_ws/install/indy_description', 'merge_install': False, 'path': '/Users/tjdwo0609/Documents/DockerRos/ros2_ws/src/indy-ros2/indy_description', 'symlink_install': False, 'test_result_base': None}
[0.171s] colcon.colcon_core.executor INFO Executing jobs using 'parallel' executor
[0.171s] colcon.colcon_parallel_executor.executor.parallel DEBUG run_until_complete
[0.171s] colcon.colcon_ros.task.ament_cmake.build INFO Building ROS package in '/Users/tjdwo0609/Documents/DockerRos/ros2_ws/src/indy-ros2/indy_description' with build type 'ament_cmake'
[0.171s] colcon.colcon_cmake.task.cmake.build INFO Building CMake package in '/Users/tjdwo0609/Documents/DockerRos/ros2_ws/src/indy-ros2/indy_description'
[0.172s] colcon.colcon_core.plugin_system INFO Skipping extension 'colcon_core.shell.bat': Not used on non-Windows systems
[0.172s] colcon.colcon_core.shell INFO Skip shell extension 'powershell' for command environment: Not usable outside of PowerShell
[0.172s] colcon.colcon_core.shell DEBUG Skip shell extension 'dsv' for command environment
[0.183s] colcon.colcon_core.event_handler.log_command DEBUG Invoking command in '/Users/tjdwo0609/Documents/DockerRos/ros2_ws/build/indy_description': CONDA_PROMPT_MODIFIER=(ros2_humble) SHLVL=2 _=/usr/bin/env /opt/homebrew/bin/cmake /Users/tjdwo0609/Documents/DockerRos/ros2_ws/src/indy-ros2/indy_description -DCMAKE_INSTALL_PREFIX=/Users/tjdwo0609/Documents/DockerRos/ros2_ws/install/indy_description
[1.024s] colcon.colcon_core.event_handler.log_command DEBUG Invoked command in '/Users/tjdwo0609/Documents/DockerRos/ros2_ws/build/indy_description' returned '0': CONDA_PROMPT_MODIFIER=(ros2_humble) SHLVL=2 _=/usr/bin/env /opt/homebrew/bin/cmake /Users/tjdwo0609/Documents/DockerRos/ros2_ws/src/indy-ros2/indy_description -DCMAKE_INSTALL_PREFIX=/Users/tjdwo0609/Documents/DockerRos/ros2_ws/install/indy_description
[1.026s] colcon.colcon_core.event_handler.log_command DEBUG Invoking command in '/Users/tjdwo0609/Documents/DockerRos/ros2_ws/build/indy_description': CONDA_PROMPT_MODIFIER=(ros2_humble) SHLVL=2 _=/usr/bin/env /opt/homebrew/bin/cmake --build /Users/tjdwo0609/Documents/DockerRos/ros2_ws/build/indy_description -- -j16 -l16
[1.048s] colcon.colcon_core.event_handler.log_command DEBUG Invoked command in '/Users/tjdwo0609/Documents/DockerRos/ros2_ws/build/indy_description' returned '0': CONDA_PROMPT_MODIFIER=(ros2_humble) SHLVL=2 _=/usr/bin/env /opt/homebrew/bin/cmake --build /Users/tjdwo0609/Documents/DockerRos/ros2_ws/build/indy_description -- -j16 -l16
[1.057s] colcon.colcon_core.event_handler.log_command DEBUG Invoking command in '/Users/tjdwo0609/Documents/DockerRos/ros2_ws/build/indy_description': CONDA_PROMPT_MODIFIER=(ros2_humble) SHLVL=2 _=/usr/bin/env /opt/homebrew/bin/cmake --install /Users/tjdwo0609/Documents/DockerRos/ros2_ws/build/indy_description
[1.146s] colcon.colcon_core.environment Level 1 create_environment_scripts_only(indy_description)
[1.146s] colcon.colcon_core.event_handler.log_command DEBUG Invoked command in '/Users/tjdwo0609/Documents/DockerRos/ros2_ws/build/indy_description' returned '0': CONDA_PROMPT_MODIFIER=(ros2_humble) SHLVL=2 _=/usr/bin/env /opt/homebrew/bin/cmake --install /Users/tjdwo0609/Documents/DockerRos/ros2_ws/build/indy_description
[1.147s] colcon.colcon_core.environment Level 1 checking '/Users/tjdwo0609/Documents/DockerRos/ros2_ws/install/indy_description' for CMake module files
[1.148s] colcon.colcon_core.environment Level 1 checking '/Users/tjdwo0609/Documents/DockerRos/ros2_ws/install/indy_description' for CMake config files
[1.148s] colcon.colcon_core.shell Level 1 create_environment_hook('indy_description', 'cmake_prefix_path')
[1.148s] colcon.colcon_core.shell INFO Creating environment hook '/Users/tjdwo0609/Documents/DockerRos/ros2_ws/install/indy_description/share/indy_description/hook/cmake_prefix_path.ps1'
[1.148s] colcon.colcon_core.shell INFO Creating environment descriptor '/Users/tjdwo0609/Documents/DockerRos/ros2_ws/install/indy_description/share/indy_description/hook/cmake_prefix_path.dsv'
[1.149s] colcon.colcon_core.shell INFO Creating environment hook '/Users/tjdwo0609/Documents/DockerRos/ros2_ws/install/indy_description/share/indy_description/hook/cmake_prefix_path.sh'
[1.149s] colcon.colcon_core.environment Level 1 checking '/Users/tjdwo0609/Documents/DockerRos/ros2_ws/install/indy_description/lib'
[1.150s] colcon.colcon_core.environment Level 1 checking '/Users/tjdwo0609/Documents/DockerRos/ros2_ws/install/indy_description/bin'
[1.150s] colcon.colcon_core.environment Level 1 checking '/Users/tjdwo0609/Documents/DockerRos/ros2_ws/install/indy_description/lib/pkgconfig/indy_description.pc'
[1.150s] colcon.colcon_core.environment Level 1 checking '/Users/tjdwo0609/Documents/DockerRos/ros2_ws/install/indy_description/lib/python3.11/site-packages'
[1.150s] colcon.colcon_core.environment Level 1 checking '/Users/tjdwo0609/Documents/DockerRos/ros2_ws/install/indy_description/bin'
[1.150s] colcon.colcon_core.shell INFO Creating package script '/Users/tjdwo0609/Documents/DockerRos/ros2_ws/install/indy_description/share/indy_description/package.ps1'
[1.151s] colcon.colcon_core.shell INFO Creating package descriptor '/Users/tjdwo0609/Documents/DockerRos/ros2_ws/install/indy_description/share/indy_description/package.dsv'
[1.151s] colcon.colcon_core.shell INFO Creating package script '/Users/tjdwo0609/Documents/DockerRos/ros2_ws/install/indy_description/share/indy_description/package.sh'
[1.151s] colcon.colcon_core.shell INFO Creating package script '/Users/tjdwo0609/Documents/DockerRos/ros2_ws/install/indy_description/share/indy_description/package.bash'
[1.151s] colcon.colcon_core.shell INFO Creating package script '/Users/tjdwo0609/Documents/DockerRos/ros2_ws/install/indy_description/share/indy_description/package.zsh'
[1.152s] colcon.colcon_core.environment Level 1 create_file_with_runtime_dependencies(/Users/tjdwo0609/Documents/DockerRos/ros2_ws/install/indy_description/share/colcon-core/packages/indy_description)
[1.152s] colcon.colcon_core.environment Level 1 create_environment_scripts_only(indy_description)
[1.152s] colcon.colcon_core.environment Level 1 checking '/Users/tjdwo0609/Documents/DockerRos/ros2_ws/install/indy_description' for CMake module files
[1.153s] colcon.colcon_core.environment Level 1 checking '/Users/tjdwo0609/Documents/DockerRos/ros2_ws/install/indy_description' for CMake config files
[1.153s] colcon.colcon_core.shell Level 1 create_environment_hook('indy_description', 'cmake_prefix_path')
[1.153s] colcon.colcon_core.shell INFO Creating environment hook '/Users/tjdwo0609/Documents/DockerRos/ros2_ws/install/indy_description/share/indy_description/hook/cmake_prefix_path.ps1'
[1.153s] colcon.colcon_core.shell INFO Creating environment descriptor '/Users/tjdwo0609/Documents/DockerRos/ros2_ws/install/indy_description/share/indy_description/hook/cmake_prefix_path.dsv'
[1.153s] colcon.colcon_core.shell INFO Creating environment hook '/Users/tjdwo0609/Documents/DockerRos/ros2_ws/install/indy_description/share/indy_description/hook/cmake_prefix_path.sh'
[1.153s] colcon.colcon_core.environment Level 1 checking '/Users/tjdwo0609/Documents/DockerRos/ros2_ws/install/indy_description/lib'
[1.153s] colcon.colcon_core.environment Level 1 checking '/Users/tjdwo0609/Documents/DockerRos/ros2_ws/install/indy_description/bin'
[1.153s] colcon.colcon_core.environment Level 1 checking '/Users/tjdwo0609/Documents/DockerRos/ros2_ws/install/indy_description/lib/pkgconfig/indy_description.pc'
[1.154s] colcon.colcon_core.environment Level 1 checking '/Users/tjdwo0609/Documents/DockerRos/ros2_ws/install/indy_description/lib/python3.11/site-packages'
[1.154s] colcon.colcon_core.environment Level 1 checking '/Users/tjdwo0609/Documents/DockerRos/ros2_ws/install/indy_description/bin'
[1.154s] colcon.colcon_core.shell INFO Creating package script '/Users/tjdwo0609/Documents/DockerRos/ros2_ws/install/indy_description/share/indy_description/package.ps1'
[1.154s] colcon.colcon_core.shell INFO Creating package descriptor '/Users/tjdwo0609/Documents/DockerRos/ros2_ws/install/indy_description/share/indy_description/package.dsv'
[1.154s] colcon.colcon_core.shell INFO Creating package script '/Users/tjdwo0609/Documents/DockerRos/ros2_ws/install/indy_description/share/indy_description/package.sh'
[1.154s] colcon.colcon_core.shell INFO Creating package script '/Users/tjdwo0609/Documents/DockerRos/ros2_ws/install/indy_description/share/indy_description/package.bash'
[1.155s] colcon.colcon_core.shell INFO Creating package script '/Users/tjdwo0609/Documents/DockerRos/ros2_ws/install/indy_description/share/indy_description/package.zsh'
[1.155s] colcon.colcon_core.environment Level 1 create_file_with_runtime_dependencies(/Users/tjdwo0609/Documents/DockerRos/ros2_ws/install/indy_description/share/colcon-core/packages/indy_description)
[1.155s] colcon.colcon_parallel_executor.executor.parallel DEBUG closing loop
[1.155s] colcon.colcon_parallel_executor.executor.parallel DEBUG loop closed
[1.155s] colcon.colcon_parallel_executor.executor.parallel DEBUG run_until_complete finished with '0'
[1.155s] colcon.colcon_core.event_reactor DEBUG joining thread
[1.155s] colcon.colcon_core.event_reactor DEBUG joined thread
[1.155s] colcon.colcon_core.shell INFO Creating prefix script '/Users/tjdwo0609/Documents/DockerRos/ros2_ws/install/local_setup.ps1'
[1.156s] colcon.colcon_core.shell INFO Creating prefix util module '/Users/tjdwo0609/Documents/DockerRos/ros2_ws/install/_local_setup_util_ps1.py'
[1.156s] colcon.colcon_core.shell INFO Creating prefix chain script '/Users/tjdwo0609/Documents/DockerRos/ros2_ws/install/setup.ps1'
[1.157s] colcon.colcon_core.shell INFO Creating prefix script '/Users/tjdwo0609/Documents/DockerRos/ros2_ws/install/local_setup.sh'
[1.157s] colcon.colcon_core.shell INFO Creating prefix util module '/Users/tjdwo0609/Documents/DockerRos/ros2_ws/install/_local_setup_util_sh.py'
[1.157s] colcon.colcon_core.shell INFO Creating prefix chain script '/Users/tjdwo0609/Documents/DockerRos/ros2_ws/install/setup.sh'
[1.158s] colcon.colcon_core.shell INFO Creating prefix script '/Users/tjdwo0609/Documents/DockerRos/ros2_ws/install/local_setup.bash'
[1.158s] colcon.colcon_core.shell INFO Creating prefix chain script '/Users/tjdwo0609/Documents/DockerRos/ros2_ws/install/setup.bash'
[1.158s] colcon.colcon_core.shell INFO Creating prefix script '/Users/tjdwo0609/Documents/DockerRos/ros2_ws/install/local_setup.zsh'
[1.159s] colcon.colcon_core.shell INFO Creating prefix chain script '/Users/tjdwo0609/Documents/DockerRos/ros2_ws/install/setup.zsh'
