[0.106s] colcon DEBUG Command line arguments: ['/opt/homebrew/Caskroom/miniforge/base/envs/ros2_humble/bin/colcon', 'build', '--packages-select', 'robot_viewer']
[0.106s] colcon DEBUG Parsed command line arguments: Namespace(log_base=None, log_level=None, verb_name='build', build_base='build', install_base='install', merge_install=False, symlink_install=False, test_result_base=None, continue_on_error=False, executor='parallel', parallel_workers=16, event_handlers=None, ignore_user_meta=False, metas=['./colcon.meta'], base_paths=['.'], packages_ignore=None, packages_ignore_regex=None, paths=None, packages_up_to=None, packages_up_to_regex=None, packages_above=None, packages_above_and_dependencies=None, packages_above_depth=None, packages_select_by_dep=None, packages_skip_by_dep=None, packages_skip_up_to=None, packages_select_build_failed=False, packages_skip_build_finished=False, packages_select_test_failures=False, packages_skip_test_passed=False, packages_select=['robot_viewer'], packages_skip=None, packages_select_regex=None, packages_skip_regex=None, packages_start=None, packages_end=None, cmake_args=None, cmake_target=None, cmake_target_skip_unavailable=False, cmake_clean_cache=False, cmake_clean_first=False, cmake_force_configure=False, ament_cmake_args=None, catkin_cmake_args=None, catkin_skip_building_tests=False, verb_parser=<colcon_defaults.argument_parser.defaults.DefaultArgumentsDecorator object at 0x104295150>, verb_extension=<colcon_core.verb.build.BuildVerb object at 0x104294b50>, main=<bound method BuildVerb.main of <colcon_core.verb.build.BuildVerb object at 0x104294b50>>)
[0.144s] colcon.colcon_core.package_discovery Level 1 discover_packages(colcon_meta) check parameters
[0.144s] colcon.colcon_core.package_discovery Level 1 discover_packages(recursive) check parameters
[0.144s] colcon.colcon_core.package_discovery Level 1 discover_packages(ignore) check parameters
[0.144s] colcon.colcon_core.package_discovery Level 1 discover_packages(path) check parameters
[0.144s] colcon.colcon_core.package_discovery Level 1 discover_packages(colcon_meta) discover
[0.144s] colcon.colcon_core.package_discovery Level 1 discover_packages(recursive) discover
[0.144s] colcon.colcon_core.package_discovery INFO Crawling recursively for packages in '/Users/tjdwo0609/Documents/DockerRos/ros2_ws'
[0.144s] colcon.colcon_core.package_identification Level 1 _identify(.) by extensions ['ignore', 'ignore_ament_install']
[0.144s] colcon.colcon_core.package_identification Level 1 _identify(.) by extension 'ignore'
[0.144s] colcon.colcon_core.package_identification Level 1 _identify(.) by extension 'ignore_ament_install'
[0.144s] colcon.colcon_core.package_identification Level 1 _identify(.) by extensions ['colcon_pkg']
[0.144s] colcon.colcon_core.package_identification Level 1 _identify(.) by extension 'colcon_pkg'
[0.144s] colcon.colcon_core.package_identification Level 1 _identify(.) by extensions ['colcon_meta']
[0.144s] colcon.colcon_core.package_identification Level 1 _identify(.) by extension 'colcon_meta'
[0.144s] colcon.colcon_core.package_identification Level 1 _identify(.) by extensions ['ros']
[0.144s] colcon.colcon_core.package_identification Level 1 _identify(.) by extension 'ros'
[0.160s] colcon.colcon_core.package_identification Level 1 _identify(.) by extensions ['cmake', 'python']
[0.161s] colcon.colcon_core.package_identification Level 1 _identify(.) by extension 'cmake'
[0.161s] colcon.colcon_core.package_identification Level 1 _identify(.) by extension 'python'
[0.161s] colcon.colcon_core.package_identification Level 1 _identify(.) by extensions ['python_setup_py']
[0.161s] colcon.colcon_core.package_identification Level 1 _identify(.) by extension 'python_setup_py'
[0.161s] colcon.colcon_core.package_identification Level 1 _identify(build) by extensions ['ignore', 'ignore_ament_install']
[0.161s] colcon.colcon_core.package_identification Level 1 _identify(build) by extension 'ignore'
[0.161s] colcon.colcon_core.package_identification Level 1 _identify(build) ignored
[0.161s] colcon.colcon_core.package_identification Level 1 _identify(install) by extensions ['ignore', 'ignore_ament_install']
[0.161s] colcon.colcon_core.package_identification Level 1 _identify(install) by extension 'ignore'
[0.161s] colcon.colcon_core.package_identification Level 1 _identify(install) ignored
[0.161s] colcon.colcon_core.package_identification Level 1 _identify(log) by extensions ['ignore', 'ignore_ament_install']
[0.161s] colcon.colcon_core.package_identification Level 1 _identify(log) by extension 'ignore'
[0.161s] colcon.colcon_core.package_identification Level 1 _identify(log) ignored
[0.161s] colcon.colcon_core.package_identification Level 1 _identify(src) by extensions ['ignore', 'ignore_ament_install']
[0.161s] colcon.colcon_core.package_identification Level 1 _identify(src) by extension 'ignore'
[0.161s] colcon.colcon_core.package_identification Level 1 _identify(src) by extension 'ignore_ament_install'
[0.161s] colcon.colcon_core.package_identification Level 1 _identify(src) by extensions ['colcon_pkg']
[0.161s] colcon.colcon_core.package_identification Level 1 _identify(src) by extension 'colcon_pkg'
[0.161s] colcon.colcon_core.package_identification Level 1 _identify(src) by extensions ['colcon_meta']
[0.161s] colcon.colcon_core.package_identification Level 1 _identify(src) by extension 'colcon_meta'
[0.161s] colcon.colcon_core.package_identification Level 1 _identify(src) by extensions ['ros']
[0.161s] colcon.colcon_core.package_identification Level 1 _identify(src) by extension 'ros'
[0.161s] colcon.colcon_core.package_identification Level 1 _identify(src) by extensions ['cmake', 'python']
[0.161s] colcon.colcon_core.package_identification Level 1 _identify(src) by extension 'cmake'
[0.161s] colcon.colcon_core.package_identification Level 1 _identify(src) by extension 'python'
[0.161s] colcon.colcon_core.package_identification Level 1 _identify(src) by extensions ['python_setup_py']
[0.161s] colcon.colcon_core.package_identification Level 1 _identify(src) by extension 'python_setup_py'
[0.161s] colcon.colcon_core.package_identification Level 1 _identify(src/hello_ros2) by extensions ['ignore', 'ignore_ament_install']
[0.161s] colcon.colcon_core.package_identification Level 1 _identify(src/hello_ros2) by extension 'ignore'
[0.161s] colcon.colcon_core.package_identification Level 1 _identify(src/hello_ros2) by extension 'ignore_ament_install'
[0.161s] colcon.colcon_core.package_identification Level 1 _identify(src/hello_ros2) by extensions ['colcon_pkg']
[0.161s] colcon.colcon_core.package_identification Level 1 _identify(src/hello_ros2) by extension 'colcon_pkg'
[0.161s] colcon.colcon_core.package_identification Level 1 _identify(src/hello_ros2) by extensions ['colcon_meta']
[0.161s] colcon.colcon_core.package_identification Level 1 _identify(src/hello_ros2) by extension 'colcon_meta'
[0.161s] colcon.colcon_core.package_identification Level 1 _identify(src/hello_ros2) by extensions ['ros']
[0.161s] colcon.colcon_core.package_identification Level 1 _identify(src/hello_ros2) by extension 'ros'
[0.162s] colcon.colcon_core.package_identification DEBUG Package 'src/hello_ros2' with type 'ros.ament_python' and name 'hello_ros2'
[0.162s] colcon.colcon_core.package_identification Level 1 _identify(src/robot_viewer) by extensions ['ignore', 'ignore_ament_install']
[0.162s] colcon.colcon_core.package_identification Level 1 _identify(src/robot_viewer) by extension 'ignore'
[0.163s] colcon.colcon_core.package_identification Level 1 _identify(src/robot_viewer) by extension 'ignore_ament_install'
[0.163s] colcon.colcon_core.package_identification Level 1 _identify(src/robot_viewer) by extensions ['colcon_pkg']
[0.163s] colcon.colcon_core.package_identification Level 1 _identify(src/robot_viewer) by extension 'colcon_pkg'
[0.163s] colcon.colcon_core.package_identification Level 1 _identify(src/robot_viewer) by extensions ['colcon_meta']
[0.163s] colcon.colcon_core.package_identification Level 1 _identify(src/robot_viewer) by extension 'colcon_meta'
[0.163s] colcon.colcon_core.package_identification Level 1 _identify(src/robot_viewer) by extensions ['ros']
[0.163s] colcon.colcon_core.package_identification Level 1 _identify(src/robot_viewer) by extension 'ros'
[0.163s] colcon.colcon_core.package_identification DEBUG Package 'src/robot_viewer' with type 'ros.ament_cmake' and name 'robot_viewer'
[0.163s] colcon.colcon_core.package_discovery Level 1 discover_packages(recursive) using defaults
[0.163s] colcon.colcon_core.package_discovery Level 1 discover_packages(ignore) discover
[0.163s] colcon.colcon_core.package_discovery Level 1 discover_packages(ignore) using defaults
[0.163s] colcon.colcon_core.package_discovery Level 1 discover_packages(path) discover
[0.163s] colcon.colcon_core.package_discovery Level 1 discover_packages(path) using defaults
[0.172s] colcon.colcon_core.package_selection INFO Skipping not selected package 'hello_ros2' in 'src/hello_ros2'
[0.172s] colcon.colcon_core.verb Level 5 set package 'robot_viewer' build argument 'cmake_args' from command line to 'None'
[0.172s] colcon.colcon_core.verb Level 5 set package 'robot_viewer' build argument 'cmake_target' from command line to 'None'
[0.172s] colcon.colcon_core.verb Level 5 set package 'robot_viewer' build argument 'cmake_target_skip_unavailable' from command line to 'False'
[0.172s] colcon.colcon_core.verb Level 5 set package 'robot_viewer' build argument 'cmake_clean_cache' from command line to 'False'
[0.172s] colcon.colcon_core.verb Level 5 set package 'robot_viewer' build argument 'cmake_clean_first' from command line to 'False'
[0.172s] colcon.colcon_core.verb Level 5 set package 'robot_viewer' build argument 'cmake_force_configure' from command line to 'False'
[0.172s] colcon.colcon_core.verb Level 5 set package 'robot_viewer' build argument 'ament_cmake_args' from command line to 'None'
[0.172s] colcon.colcon_core.verb Level 5 set package 'robot_viewer' build argument 'catkin_cmake_args' from command line to 'None'
[0.172s] colcon.colcon_core.verb Level 5 set package 'robot_viewer' build argument 'catkin_skip_building_tests' from command line to 'False'
[0.172s] colcon.colcon_core.verb DEBUG Building package 'robot_viewer' with the following arguments: {'ament_cmake_args': None, 'build_base': '/Users/tjdwo0609/Documents/DockerRos/ros2_ws/build/robot_viewer', 'catkin_cmake_args': None, 'catkin_skip_building_tests': False, 'cmake_args': None, 'cmake_clean_cache': False, 'cmake_clean_first': False, 'cmake_force_configure': False, 'cmake_target': None, 'cmake_target_skip_unavailable': False, 'install_base': '/Users/tjdwo0609/Documents/DockerRos/ros2_ws/install/robot_viewer', 'merge_install': False, 'path': '/Users/tjdwo0609/Documents/DockerRos/ros2_ws/src/robot_viewer', 'symlink_install': False, 'test_result_base': None}
[0.172s] colcon.colcon_core.executor INFO Executing jobs using 'parallel' executor
[0.173s] colcon.colcon_parallel_executor.executor.parallel DEBUG run_until_complete
[0.173s] colcon.colcon_ros.task.ament_cmake.build INFO Building ROS package in '/Users/tjdwo0609/Documents/DockerRos/ros2_ws/src/robot_viewer' with build type 'ament_cmake'
[0.173s] colcon.colcon_cmake.task.cmake.build INFO Building CMake package in '/Users/tjdwo0609/Documents/DockerRos/ros2_ws/src/robot_viewer'
[0.174s] colcon.colcon_core.plugin_system INFO Skipping extension 'colcon_core.shell.bat': Not used on non-Windows systems
[0.174s] colcon.colcon_core.shell INFO Skip shell extension 'powershell' for command environment: Not usable outside of PowerShell
[0.174s] colcon.colcon_core.shell DEBUG Skip shell extension 'dsv' for command environment
[0.185s] colcon.colcon_core.event_handler.log_command DEBUG Invoking command in '/Users/tjdwo0609/Documents/DockerRos/ros2_ws/build/robot_viewer': CONDA_PROMPT_MODIFIER=(ros2_humble) SHLVL=2 _=/usr/bin/env /opt/homebrew/bin/cmake /Users/tjdwo0609/Documents/DockerRos/ros2_ws/src/robot_viewer -DCMAKE_INSTALL_PREFIX=/Users/tjdwo0609/Documents/DockerRos/ros2_ws/install/robot_viewer
[6.377s] colcon.colcon_core.event_handler.log_command DEBUG Invoked command in '/Users/tjdwo0609/Documents/DockerRos/ros2_ws/build/robot_viewer' returned '0': CONDA_PROMPT_MODIFIER=(ros2_humble) SHLVL=2 _=/usr/bin/env /opt/homebrew/bin/cmake /Users/tjdwo0609/Documents/DockerRos/ros2_ws/src/robot_viewer -DCMAKE_INSTALL_PREFIX=/Users/tjdwo0609/Documents/DockerRos/ros2_ws/install/robot_viewer
[6.378s] colcon.colcon_core.event_handler.log_command DEBUG Invoking command in '/Users/tjdwo0609/Documents/DockerRos/ros2_ws/build/robot_viewer': CONDA_PROMPT_MODIFIER=(ros2_humble) SHLVL=2 _=/usr/bin/env /opt/homebrew/bin/cmake --build /Users/tjdwo0609/Documents/DockerRos/ros2_ws/build/robot_viewer -- -j16 -l16
[6.399s] colcon.colcon_core.event_handler.log_command DEBUG Invoked command in '/Users/tjdwo0609/Documents/DockerRos/ros2_ws/build/robot_viewer' returned '0': CONDA_PROMPT_MODIFIER=(ros2_humble) SHLVL=2 _=/usr/bin/env /opt/homebrew/bin/cmake --build /Users/tjdwo0609/Documents/DockerRos/ros2_ws/build/robot_viewer -- -j16 -l16
[6.408s] colcon.colcon_core.event_handler.log_command DEBUG Invoking command in '/Users/tjdwo0609/Documents/DockerRos/ros2_ws/build/robot_viewer': CONDA_PROMPT_MODIFIER=(ros2_humble) SHLVL=2 _=/usr/bin/env /opt/homebrew/bin/cmake --install /Users/tjdwo0609/Documents/DockerRos/ros2_ws/build/robot_viewer
[6.417s] colcon.colcon_core.environment Level 1 create_environment_scripts_only(robot_viewer)
[6.417s] colcon.colcon_core.event_handler.log_command DEBUG Invoked command in '/Users/tjdwo0609/Documents/DockerRos/ros2_ws/build/robot_viewer' returned '0': CONDA_PROMPT_MODIFIER=(ros2_humble) SHLVL=2 _=/usr/bin/env /opt/homebrew/bin/cmake --install /Users/tjdwo0609/Documents/DockerRos/ros2_ws/build/robot_viewer
[6.419s] colcon.colcon_core.environment Level 1 checking '/Users/tjdwo0609/Documents/DockerRos/ros2_ws/install/robot_viewer' for CMake module files
[6.420s] colcon.colcon_core.environment Level 1 checking '/Users/tjdwo0609/Documents/DockerRos/ros2_ws/install/robot_viewer' for CMake config files
[6.420s] colcon.colcon_core.shell Level 1 create_environment_hook('robot_viewer', 'cmake_prefix_path')
[6.420s] colcon.colcon_core.shell INFO Creating environment hook '/Users/tjdwo0609/Documents/DockerRos/ros2_ws/install/robot_viewer/share/robot_viewer/hook/cmake_prefix_path.ps1'
[6.420s] colcon.colcon_core.shell INFO Creating environment descriptor '/Users/tjdwo0609/Documents/DockerRos/ros2_ws/install/robot_viewer/share/robot_viewer/hook/cmake_prefix_path.dsv'
[6.420s] colcon.colcon_core.shell INFO Creating environment hook '/Users/tjdwo0609/Documents/DockerRos/ros2_ws/install/robot_viewer/share/robot_viewer/hook/cmake_prefix_path.sh'
[6.421s] colcon.colcon_core.environment Level 1 checking '/Users/tjdwo0609/Documents/DockerRos/ros2_ws/install/robot_viewer/lib'
[6.421s] colcon.colcon_core.environment Level 1 checking '/Users/tjdwo0609/Documents/DockerRos/ros2_ws/install/robot_viewer/bin'
[6.421s] colcon.colcon_core.environment Level 1 checking '/Users/tjdwo0609/Documents/DockerRos/ros2_ws/install/robot_viewer/lib/pkgconfig/robot_viewer.pc'
[6.421s] colcon.colcon_core.environment Level 1 checking '/Users/tjdwo0609/Documents/DockerRos/ros2_ws/install/robot_viewer/lib/python3.11/site-packages'
[6.421s] colcon.colcon_core.environment Level 1 checking '/Users/tjdwo0609/Documents/DockerRos/ros2_ws/install/robot_viewer/bin'
[6.421s] colcon.colcon_core.shell INFO Creating package script '/Users/tjdwo0609/Documents/DockerRos/ros2_ws/install/robot_viewer/share/robot_viewer/package.ps1'
[6.422s] colcon.colcon_core.shell INFO Creating package descriptor '/Users/tjdwo0609/Documents/DockerRos/ros2_ws/install/robot_viewer/share/robot_viewer/package.dsv'
[6.422s] colcon.colcon_core.shell INFO Creating package script '/Users/tjdwo0609/Documents/DockerRos/ros2_ws/install/robot_viewer/share/robot_viewer/package.sh'
[6.423s] colcon.colcon_core.shell INFO Creating package script '/Users/tjdwo0609/Documents/DockerRos/ros2_ws/install/robot_viewer/share/robot_viewer/package.bash'
[6.423s] colcon.colcon_core.shell INFO Creating package script '/Users/tjdwo0609/Documents/DockerRos/ros2_ws/install/robot_viewer/share/robot_viewer/package.zsh'
[6.423s] colcon.colcon_core.environment Level 1 create_file_with_runtime_dependencies(/Users/tjdwo0609/Documents/DockerRos/ros2_ws/install/robot_viewer/share/colcon-core/packages/robot_viewer)
[6.424s] colcon.colcon_core.environment Level 1 create_environment_scripts_only(robot_viewer)
[6.424s] colcon.colcon_core.environment Level 1 checking '/Users/tjdwo0609/Documents/DockerRos/ros2_ws/install/robot_viewer' for CMake module files
[6.424s] colcon.colcon_core.environment Level 1 checking '/Users/tjdwo0609/Documents/DockerRos/ros2_ws/install/robot_viewer' for CMake config files
[6.424s] colcon.colcon_core.shell Level 1 create_environment_hook('robot_viewer', 'cmake_prefix_path')
[6.424s] colcon.colcon_core.shell INFO Creating environment hook '/Users/tjdwo0609/Documents/DockerRos/ros2_ws/install/robot_viewer/share/robot_viewer/hook/cmake_prefix_path.ps1'
[6.424s] colcon.colcon_core.shell INFO Creating environment descriptor '/Users/tjdwo0609/Documents/DockerRos/ros2_ws/install/robot_viewer/share/robot_viewer/hook/cmake_prefix_path.dsv'
[6.424s] colcon.colcon_core.shell INFO Creating environment hook '/Users/tjdwo0609/Documents/DockerRos/ros2_ws/install/robot_viewer/share/robot_viewer/hook/cmake_prefix_path.sh'
[6.425s] colcon.colcon_core.environment Level 1 checking '/Users/tjdwo0609/Documents/DockerRos/ros2_ws/install/robot_viewer/lib'
[6.425s] colcon.colcon_core.environment Level 1 checking '/Users/tjdwo0609/Documents/DockerRos/ros2_ws/install/robot_viewer/bin'
[6.425s] colcon.colcon_core.environment Level 1 checking '/Users/tjdwo0609/Documents/DockerRos/ros2_ws/install/robot_viewer/lib/pkgconfig/robot_viewer.pc'
[6.425s] colcon.colcon_core.environment Level 1 checking '/Users/tjdwo0609/Documents/DockerRos/ros2_ws/install/robot_viewer/lib/python3.11/site-packages'
[6.425s] colcon.colcon_core.environment Level 1 checking '/Users/tjdwo0609/Documents/DockerRos/ros2_ws/install/robot_viewer/bin'
[6.425s] colcon.colcon_core.shell INFO Creating package script '/Users/tjdwo0609/Documents/DockerRos/ros2_ws/install/robot_viewer/share/robot_viewer/package.ps1'
[6.425s] colcon.colcon_core.shell INFO Creating package descriptor '/Users/tjdwo0609/Documents/DockerRos/ros2_ws/install/robot_viewer/share/robot_viewer/package.dsv'
[6.425s] colcon.colcon_core.shell INFO Creating package script '/Users/tjdwo0609/Documents/DockerRos/ros2_ws/install/robot_viewer/share/robot_viewer/package.sh'
[6.425s] colcon.colcon_core.shell INFO Creating package script '/Users/tjdwo0609/Documents/DockerRos/ros2_ws/install/robot_viewer/share/robot_viewer/package.bash'
[6.426s] colcon.colcon_core.shell INFO Creating package script '/Users/tjdwo0609/Documents/DockerRos/ros2_ws/install/robot_viewer/share/robot_viewer/package.zsh'
[6.426s] colcon.colcon_core.environment Level 1 create_file_with_runtime_dependencies(/Users/tjdwo0609/Documents/DockerRos/ros2_ws/install/robot_viewer/share/colcon-core/packages/robot_viewer)
[6.426s] colcon.colcon_parallel_executor.executor.parallel DEBUG closing loop
[6.426s] colcon.colcon_parallel_executor.executor.parallel DEBUG loop closed
[6.426s] colcon.colcon_parallel_executor.executor.parallel DEBUG run_until_complete finished with '0'
[6.426s] colcon.colcon_core.event_reactor DEBUG joining thread
[6.426s] colcon.colcon_core.event_reactor DEBUG joined thread
[6.426s] colcon.colcon_core.shell INFO Creating prefix script '/Users/tjdwo0609/Documents/DockerRos/ros2_ws/install/local_setup.ps1'
[6.427s] colcon.colcon_core.shell INFO Creating prefix util module '/Users/tjdwo0609/Documents/DockerRos/ros2_ws/install/_local_setup_util_ps1.py'
[6.427s] colcon.colcon_core.shell INFO Creating prefix chain script '/Users/tjdwo0609/Documents/DockerRos/ros2_ws/install/setup.ps1'
[6.428s] colcon.colcon_core.shell INFO Creating prefix script '/Users/tjdwo0609/Documents/DockerRos/ros2_ws/install/local_setup.sh'
[6.428s] colcon.colcon_core.shell INFO Creating prefix util module '/Users/tjdwo0609/Documents/DockerRos/ros2_ws/install/_local_setup_util_sh.py'
[6.428s] colcon.colcon_core.shell INFO Creating prefix chain script '/Users/tjdwo0609/Documents/DockerRos/ros2_ws/install/setup.sh'
[6.429s] colcon.colcon_core.shell INFO Creating prefix script '/Users/tjdwo0609/Documents/DockerRos/ros2_ws/install/local_setup.bash'
[6.429s] colcon.colcon_core.shell INFO Creating prefix chain script '/Users/tjdwo0609/Documents/DockerRos/ros2_ws/install/setup.bash'
[6.429s] colcon.colcon_core.shell INFO Creating prefix script '/Users/tjdwo0609/Documents/DockerRos/ros2_ws/install/local_setup.zsh'
[6.430s] colcon.colcon_core.shell INFO Creating prefix chain script '/Users/tjdwo0609/Documents/DockerRos/ros2_ws/install/setup.zsh'
